{"/home/travis/build/npmtest/node-npmtest-react-art/test.js":{"path":"/home/travis/build/npmtest/node-npmtest-react-art/test.js","s":{"1":2,"2":2,"3":2,"4":2,"5":2,"6":2,"7":2,"8":1,"9":2,"10":2,"11":1,"12":1,"13":1,"14":1,"15":2,"16":2,"17":2,"18":2,"19":1,"20":1,"21":2,"22":2,"23":2,"24":1,"25":1,"26":1,"27":1,"28":1,"29":1,"30":1,"31":1,"32":1,"33":1,"34":1,"35":1,"36":1,"37":1,"38":1,"39":2,"40":2,"41":1,"42":2,"43":2,"44":1,"45":2,"46":2,"47":1,"48":2,"49":2,"50":1,"51":1,"52":1,"53":1,"54":1},"b":{"1":[2,1,1,1],"2":[1,1,1,1],"3":[1,1],"4":[1,1],"5":[1,1],"6":[1,1],"7":[1,1],"8":[1,1],"9":[1,1],"10":[1,1,1],"11":[1,1],"12":[1,1],"13":[1,1],"14":[1,1],"15":[1,1],"16":[1,1],"17":[1,1]},"f":{"1":2,"2":2,"3":2,"4":2,"5":2,"6":1,"7":1,"8":1,"9":2,"10":2,"11":2,"12":2,"13":1},"fnMap":{"1":{"name":"(anonymous_1)","line":12,"loc":{"start":{"line":12,"column":1},"end":{"line":12,"column":13}}},"2":{"name":"(anonymous_2)","line":19,"loc":{"start":{"line":19,"column":5},"end":{"line":19,"column":17}}},"3":{"name":"(anonymous_3)","line":23,"loc":{"start":{"line":23,"column":24},"end":{"line":23,"column":36}}},"4":{"name":"(anonymous_4)","line":61,"loc":{"start":{"line":61,"column":5},"end":{"line":61,"column":17}}},"5":{"name":"(anonymous_5)","line":82,"loc":{"start":{"line":82,"column":5},"end":{"line":82,"column":17}}},"6":{"name":"(anonymous_6)","line":91,"loc":{"start":{"line":91,"column":77},"end":{"line":94,"column":10}}},"7":{"name":"(anonymous_7)","line":112,"loc":{"start":{"line":112,"column":83},"end":{"line":115,"column":10}},"skip":true},"8":{"name":"(anonymous_8)","line":123,"loc":{"start":{"line":123,"column":77},"end":{"line":126,"column":10}},"skip":true},"9":{"name":"(anonymous_9)","line":139,"loc":{"start":{"line":139,"column":12},"end":{"line":139,"column":40}},"skip":true},"10":{"name":"(anonymous_10)","line":147,"loc":{"start":{"line":147,"column":77},"end":{"line":150,"column":10}},"skip":true},"11":{"name":"(anonymous_11)","line":158,"loc":{"start":{"line":158,"column":83},"end":{"line":161,"column":10}},"skip":true},"12":{"name":"(anonymous_12)","line":169,"loc":{"start":{"line":169,"column":79},"end":{"line":172,"column":10}},"skip":true},"13":{"name":"(anonymous_13)","line":180,"loc":{"start":{"line":180,"column":75},"end":{"line":183,"column":10}},"skip":true}},"statementMap":{"1":{"start":{"line":12,"column":0},"end":{"line":195,"column":5}},"2":{"start":{"line":14,"column":4},"end":{"line":14,"column":14}},"3":{"start":{"line":19,"column":4},"end":{"line":56,"column":9}},"4":{"start":{"line":21,"column":8},"end":{"line":21,"column":19}},"5":{"start":{"line":23,"column":8},"end":{"line":35,"column":13}},"6":{"start":{"line":24,"column":12},"end":{"line":34,"column":13}},"7":{"start":{"line":25,"column":16},"end":{"line":28,"column":30}},"8":{"start":{"line":30,"column":16},"end":{"line":33,"column":27}},"9":{"start":{"line":37,"column":8},"end":{"line":39,"column":21}},"10":{"start":{"line":40,"column":8},"end":{"line":53,"column":9}},"11":{"start":{"line":43,"column":12},"end":{"line":46,"column":14}},"12":{"start":{"line":47,"column":12},"end":{"line":47,"column":18}},"13":{"start":{"line":50,"column":12},"end":{"line":51,"column":46}},"14":{"start":{"line":52,"column":12},"end":{"line":52,"column":18}},"15":{"start":{"line":55,"column":8},"end":{"line":55,"column":35}},"16":{"start":{"line":61,"column":4},"end":{"line":63,"column":9}},"17":{"start":{"line":62,"column":8},"end":{"line":62,"column":15}},"18":{"start":{"line":64,"column":4},"end":{"line":77,"column":5}},"19":{"start":{"line":70,"column":8},"end":{"line":70,"column":14}},"20":{"start":{"line":76,"column":8},"end":{"line":76,"column":14}},"21":{"start":{"line":82,"column":4},"end":{"line":84,"column":9}},"22":{"start":{"line":83,"column":8},"end":{"line":83,"column":15}},"23":{"start":{"line":85,"column":4},"end":{"line":194,"column":5}},"24":{"start":{"line":91,"column":8},"end":{"line":99,"column":10}},"25":{"start":{"line":98,"column":12},"end":{"line":98,"column":35}},"26":{"start":{"line":102,"column":8},"end":{"line":104,"column":63}},"27":{"start":{"line":105,"column":8},"end":{"line":105,"column":14}},"28":{"start":{"line":112,"column":8},"end":{"line":121,"column":10},"skip":true},"29":{"start":{"line":119,"column":12},"end":{"line":119,"column":55},"skip":true},"30":{"start":{"line":120,"column":12},"end":{"line":120,"column":48},"skip":true},"31":{"start":{"line":123,"column":8},"end":{"line":136,"column":10},"skip":true},"32":{"start":{"line":130,"column":12},"end":{"line":130,"column":76},"skip":true},"33":{"start":{"line":131,"column":12},"end":{"line":131,"column":73},"skip":true},"34":{"start":{"line":132,"column":12},"end":{"line":132,"column":74},"skip":true},"35":{"start":{"line":133,"column":12},"end":{"line":133,"column":79},"skip":true},"36":{"start":{"line":134,"column":12},"end":{"line":134,"column":25},"skip":true},"37":{"start":{"line":135,"column":12},"end":{"line":135,"column":45},"skip":true},"38":{"start":{"line":138,"column":8},"end":{"line":145,"column":14},"skip":true},"39":{"start":{"line":143,"column":16},"end":{"line":143,"column":29},"skip":true},"40":{"start":{"line":144,"column":16},"end":{"line":144,"column":55},"skip":true},"41":{"start":{"line":147,"column":8},"end":{"line":156,"column":10},"skip":true},"42":{"start":{"line":154,"column":12},"end":{"line":154,"column":25},"skip":true},"43":{"start":{"line":155,"column":12},"end":{"line":155,"column":45},"skip":true},"44":{"start":{"line":158,"column":8},"end":{"line":167,"column":10},"skip":true},"45":{"start":{"line":165,"column":12},"end":{"line":165,"column":25},"skip":true},"46":{"start":{"line":166,"column":12},"end":{"line":166,"column":48},"skip":true},"47":{"start":{"line":169,"column":8},"end":{"line":178,"column":10},"skip":true},"48":{"start":{"line":176,"column":12},"end":{"line":176,"column":25},"skip":true},"49":{"start":{"line":177,"column":12},"end":{"line":177,"column":46},"skip":true},"50":{"start":{"line":180,"column":8},"end":{"line":189,"column":10},"skip":true},"51":{"start":{"line":187,"column":12},"end":{"line":187,"column":94},"skip":true},"52":{"start":{"line":188,"column":12},"end":{"line":188,"column":48},"skip":true},"53":{"start":{"line":192,"column":8},"end":{"line":192,"column":35},"skip":true},"54":{"start":{"line":193,"column":8},"end":{"line":193,"column":14},"skip":true}},"branchMap":{"1":{"line":25,"type":"binary-expr","locations":[{"start":{"line":25,"column":23},"end":{"line":25,"column":62}},{"start":{"line":26,"column":20},"end":{"line":26,"column":70}},{"start":{"line":27,"column":20},"end":{"line":27,"column":71}},{"start":{"line":28,"column":20},"end":{"line":28,"column":29}}]},"2":{"line":30,"type":"binary-expr","locations":[{"start":{"line":30,"column":23},"end":{"line":30,"column":37}},{"start":{"line":31,"column":20},"end":{"line":31,"column":61}},{"start":{"line":32,"column":20},"end":{"line":32,"column":70}},{"start":{"line":33,"column":20},"end":{"line":33,"column":26}}]},"3":{"line":37,"type":"cond-expr","locations":[{"start":{"line":38,"column":14},"end":{"line":38,"column":20}},{"start":{"line":39,"column":14},"end":{"line":39,"column":20}}]},"4":{"line":40,"type":"switch","locations":[{"start":{"line":42,"column":8},"end":{"line":47,"column":18}},{"start":{"line":49,"column":8},"end":{"line":52,"column":18}}]},"5":{"line":44,"type":"binary-expr","locations":[{"start":{"line":44,"column":16},"end":{"line":44,"column":44}},{"start":{"line":44,"column":48},"end":{"line":44,"column":66}}]},"6":{"line":50,"type":"binary-expr","locations":[{"start":{"line":50,"column":21},"end":{"line":50,"column":49}},{"start":{"line":50,"column":53},"end":{"line":50,"column":72}}]},"7":{"line":64,"type":"switch","locations":[{"start":{"line":69,"column":4},"end":{"line":70,"column":14}},{"start":{"line":75,"column":4},"end":{"line":76,"column":14}}]},"8":{"line":85,"type":"switch","locations":[{"start":{"line":90,"column":4},"end":{"line":105,"column":14}},{"start":{"line":111,"column":4},"end":{"line":193,"column":14},"skip":true}]},"9":{"line":91,"type":"binary-expr","locations":[{"start":{"line":91,"column":42},"end":{"line":91,"column":73}},{"start":{"line":91,"column":77},"end":{"line":99,"column":9}}]},"10":{"line":102,"type":"binary-expr","locations":[{"start":{"line":102,"column":18},"end":{"line":102,"column":32}},{"start":{"line":103,"column":12},"end":{"line":103,"column":53}},{"start":{"line":104,"column":12},"end":{"line":104,"column":61}}]},"11":{"line":112,"type":"binary-expr","locations":[{"start":{"line":112,"column":45},"end":{"line":112,"column":79},"skip":true},{"start":{"line":112,"column":83},"end":{"line":121,"column":9},"skip":true}]},"12":{"line":123,"type":"binary-expr","locations":[{"start":{"line":123,"column":42},"end":{"line":123,"column":73},"skip":true},{"start":{"line":123,"column":77},"end":{"line":136,"column":9},"skip":true}]},"13":{"line":138,"type":"binary-expr","locations":[{"start":{"line":138,"column":48},"end":{"line":138,"column":85},"skip":true},{"start":{"line":139,"column":12},"end":{"line":145,"column":13},"skip":true}]},"14":{"line":147,"type":"binary-expr","locations":[{"start":{"line":147,"column":42},"end":{"line":147,"column":73},"skip":true},{"start":{"line":147,"column":77},"end":{"line":156,"column":9},"skip":true}]},"15":{"line":158,"type":"binary-expr","locations":[{"start":{"line":158,"column":45},"end":{"line":158,"column":79},"skip":true},{"start":{"line":158,"column":83},"end":{"line":167,"column":9},"skip":true}]},"16":{"line":169,"type":"binary-expr","locations":[{"start":{"line":169,"column":43},"end":{"line":169,"column":75},"skip":true},{"start":{"line":169,"column":79},"end":{"line":178,"column":9},"skip":true}]},"17":{"line":180,"type":"binary-expr","locations":[{"start":{"line":180,"column":41},"end":{"line":180,"column":71},"skip":true},{"start":{"line":180,"column":75},"end":{"line":189,"column":9},"skip":true}]}},"code":["/* istanbul instrument in package npmtest_react_art */","/*jslint","    bitwise: true,","    browser: true,","    maxerr: 8,","    maxlen: 96,","    node: true,","    nomen: true,","    regexp: true,","    stupid: true","*/","(function () {","    'use strict';","    var local;","","","","    // run shared js-env code - pre-init","    (function () {","        // init local","        local = {};","        // init modeJs","        local.modeJs = (function () {","            try {","                return typeof navigator.userAgent === 'string' &&","                    typeof document.querySelector('body') === 'object' &&","                    typeof XMLHttpRequest.prototype.open === 'function' &&","                    'browser';","            } catch (errorCaughtBrowser) {","                return module.exports &&","                    typeof process.versions.node === 'string' &&","                    typeof require('http').createServer === 'function' &&","                    'node';","            }","        }());","        // init global","        local.global = local.modeJs === 'browser'","            ? window","            : global;","        switch (local.modeJs) {","        // re-init local from window.local","        case 'browser':","            local = local.global.utility2.objectSetDefault(","                local.global.utility2_rollup || local.global.local,","                local.global.utility2","            );","            break;","        // re-init local from example.js","        case 'node':","            local = (local.global.utility2_rollup || require('utility2'))","                .requireExampleJsFromReadme();","            break;","        }","        // export local","        local.global.local = local;","    }());","","","","    // run shared js-env code - function","    (function () {","        return;","    }());","    switch (local.modeJs) {","","","","    // run browser js-env code - function","    case 'browser':","        break;","","","","    // run node js-env code - function","    case 'node':","        break;","    }","","","","    // run shared js-env code - post-init","    (function () {","        return;","    }());","    switch (local.modeJs) {","","","","    // run browser js-env code - post-init","    case 'browser':","        local.testCase_browser_nullCase = local.testCase_browser_nullCase || function (","            options,","            onError","        ) {","        /*","         * this function will test browsers's null-case handling-behavior-behavior","         */","            onError(null, options);","        };","","        // run tests","        local.nop(local.modeTest &&","            document.querySelector('#testRunButton1') &&","            document.querySelector('#testRunButton1').click());","        break;","","","","    // run node js-env code - post-init","    /* istanbul ignore next */","    case 'node':","        local.testCase_buildApidoc_default = local.testCase_buildApidoc_default || function (","            options,","            onError","        ) {","        /*","         * this function will test buildApidoc's default handling-behavior-behavior","         */","            options = { modulePathList: module.paths };","            local.buildApidoc(options, onError);","        };","","        local.testCase_buildApp_default = local.testCase_buildApp_default || function (","            options,","            onError","        ) {","        /*","         * this function will test buildApp's default handling-behavior-behavior","         */","            local.testCase_buildReadme_default(options, local.onErrorThrow);","            local.testCase_buildLib_default(options, local.onErrorThrow);","            local.testCase_buildTest_default(options, local.onErrorThrow);","            local.testCase_buildCustomOrg_default(options, local.onErrorThrow);","            options = [];","            local.buildApp(options, onError);","        };","","        local.testCase_buildCustomOrg_default = local.testCase_buildCustomOrg_default ||","            function (options, onError) {","            /*","             * this function will test buildCustomOrg's default handling-behavior","             */","                options = {};","                local.buildCustomOrg(options, onError);","            };","","        local.testCase_buildLib_default = local.testCase_buildLib_default || function (","            options,","            onError","        ) {","        /*","         * this function will test buildLib's default handling-behavior","         */","            options = {};","            local.buildLib(options, onError);","        };","","        local.testCase_buildReadme_default = local.testCase_buildReadme_default || function (","            options,","            onError","        ) {","        /*","         * this function will test buildReadme's default handling-behavior-behavior","         */","            options = {};","            local.buildReadme(options, onError);","        };","","        local.testCase_buildTest_default = local.testCase_buildTest_default || function (","            options,","            onError","        ) {","        /*","         * this function will test buildTest's default handling-behavior","         */","            options = {};","            local.buildTest(options, onError);","        };","","        local.testCase_webpage_default = local.testCase_webpage_default || function (","            options,","            onError","        ) {","        /*","         * this function will test webpage's default handling-behavior","         */","            options = { modeCoverageMerge: true, url: local.serverLocalHost + '?modeTest=1' };","            local.browserTest(options, onError);","        };","","        // run test-server","        local.testRunServer(local);","        break;","    }","}());",""],"l":{"12":2,"14":2,"19":2,"21":2,"23":2,"24":2,"25":2,"30":1,"37":2,"40":2,"43":1,"47":1,"50":1,"52":1,"55":2,"61":2,"62":2,"64":2,"70":1,"76":1,"82":2,"83":2,"85":2,"91":1,"98":1,"102":1,"105":1,"112":1,"119":1,"120":1,"123":1,"130":1,"131":1,"132":1,"133":1,"134":1,"135":1,"138":1,"143":2,"144":2,"147":1,"154":2,"155":2,"158":1,"165":2,"166":2,"169":1,"176":2,"177":2,"180":1,"187":1,"188":1,"192":1,"193":1}},"/home/travis/build/npmtest/node-npmtest-react-art/lib.npmtest_react_art.js":{"path":"/home/travis/build/npmtest/node-npmtest-react-art/lib.npmtest_react_art.js","s":{"1":2,"2":2,"3":2,"4":2,"5":2,"6":2,"7":2,"8":1,"9":2,"10":2,"11":2,"12":2,"13":1,"14":1,"15":1,"16":1},"b":{"1":[2,1,1,1],"2":[1,1,1,1],"3":[1,1],"4":[2,2],"5":[1,1]},"f":{"1":2,"2":2,"3":2},"fnMap":{"1":{"name":"(anonymous_1)","line":12,"loc":{"start":{"line":12,"column":1},"end":{"line":12,"column":13}}},"2":{"name":"(anonymous_2)","line":19,"loc":{"start":{"line":19,"column":5},"end":{"line":19,"column":17}}},"3":{"name":"(anonymous_3)","line":23,"loc":{"start":{"line":23,"column":24},"end":{"line":23,"column":36}}}},"statementMap":{"1":{"start":{"line":12,"column":0},"end":{"line":53,"column":5}},"2":{"start":{"line":14,"column":4},"end":{"line":14,"column":14}},"3":{"start":{"line":19,"column":4},"end":{"line":52,"column":9}},"4":{"start":{"line":21,"column":8},"end":{"line":21,"column":19}},"5":{"start":{"line":23,"column":8},"end":{"line":35,"column":13}},"6":{"start":{"line":24,"column":12},"end":{"line":34,"column":13}},"7":{"start":{"line":25,"column":16},"end":{"line":28,"column":30}},"8":{"start":{"line":30,"column":16},"end":{"line":33,"column":27}},"9":{"start":{"line":37,"column":8},"end":{"line":39,"column":21}},"10":{"start":{"line":41,"column":8},"end":{"line":41,"column":54}},"11":{"start":{"line":43,"column":8},"end":{"line":43,"column":54}},"12":{"start":{"line":45,"column":8},"end":{"line":51,"column":9}},"13":{"start":{"line":46,"column":12},"end":{"line":46,"column":60}},"14":{"start":{"line":48,"column":12},"end":{"line":48,"column":35}},"15":{"start":{"line":49,"column":12},"end":{"line":49,"column":49}},"16":{"start":{"line":50,"column":12},"end":{"line":50,"column":43}}},"branchMap":{"1":{"line":25,"type":"binary-expr","locations":[{"start":{"line":25,"column":23},"end":{"line":25,"column":62}},{"start":{"line":26,"column":20},"end":{"line":26,"column":70}},{"start":{"line":27,"column":20},"end":{"line":27,"column":71}},{"start":{"line":28,"column":20},"end":{"line":28,"column":29}}]},"2":{"line":30,"type":"binary-expr","locations":[{"start":{"line":30,"column":23},"end":{"line":30,"column":37}},{"start":{"line":31,"column":20},"end":{"line":31,"column":61}},{"start":{"line":32,"column":20},"end":{"line":32,"column":70}},{"start":{"line":33,"column":20},"end":{"line":33,"column":26}}]},"3":{"line":37,"type":"cond-expr","locations":[{"start":{"line":38,"column":14},"end":{"line":38,"column":20}},{"start":{"line":39,"column":14},"end":{"line":39,"column":20}}]},"4":{"line":41,"type":"binary-expr","locations":[{"start":{"line":41,"column":16},"end":{"line":41,"column":44}},{"start":{"line":41,"column":48},"end":{"line":41,"column":53}}]},"5":{"line":45,"type":"if","locations":[{"start":{"line":45,"column":8},"end":{"line":45,"column":8}},{"start":{"line":45,"column":8},"end":{"line":45,"column":8}}]}},"code":["/* istanbul instrument in package npmtest_react_art */","/*jslint","    bitwise: true,","    browser: true,","    maxerr: 8,","    maxlen: 96,","    node: true,","    nomen: true,","    regexp: true,","    stupid: true","*/","(function () {","    'use strict';","    var local;","","","","    // run shared js-env code - pre-init","    (function () {","        // init local","        local = {};","        // init modeJs","        local.modeJs = (function () {","            try {","                return typeof navigator.userAgent === 'string' &&","                    typeof document.querySelector('body') === 'object' &&","                    typeof XMLHttpRequest.prototype.open === 'function' &&","                    'browser';","            } catch (errorCaughtBrowser) {","                return module.exports &&","                    typeof process.versions.node === 'string' &&","                    typeof require('http').createServer === 'function' &&","                    'node';","            }","        }());","        // init global","        local.global = local.modeJs === 'browser'","            ? window","            : global;","        // init utility2_rollup","        local = local.global.utility2_rollup || local;","        // init lib","        local.local = local.npmtest_react_art = local;","        // init exports","        if (local.modeJs === 'browser') {","            local.global.utility2_npmtest_react_art = local;","        } else {","            module.exports = local;","            module.exports.__dirname = __dirname;","            module.exports.module = module;","        }","    }());","}());",""],"l":{"12":2,"14":2,"19":2,"21":2,"23":2,"24":2,"25":2,"30":1,"37":2,"41":2,"43":2,"45":2,"46":1,"48":1,"49":1,"50":1}},"/home/travis/build/npmtest/node-npmtest-react-art/example.js":{"path":"/home/travis/build/npmtest/node-npmtest-react-art/example.js","s":{"1":2,"2":2,"3":2,"4":2,"5":2,"6":2,"7":2,"8":1,"9":2,"10":2,"11":2,"12":2,"13":1,"14":2,"15":2,"16":2,"17":2,"18":2,"19":0,"20":2,"21":1,"22":1,"23":1,"24":1,"25":1,"26":0,"27":0,"28":1,"29":1,"30":2,"31":0,"32":0,"33":0,"34":1,"35":2,"36":2,"37":3,"38":3,"39":3,"40":3,"41":0,"42":3,"43":3,"44":3,"45":1,"46":3,"47":1,"48":1,"49":1,"50":1,"51":1,"52":1,"53":1,"54":1,"55":1,"56":1,"57":0,"58":1,"59":6,"60":6,"61":1,"62":2,"63":0,"64":2,"65":1,"66":1,"67":0,"68":0,"69":0,"70":0,"71":0,"72":0,"73":0,"74":0,"75":0,"76":0,"77":0,"78":0,"79":0,"80":0,"81":0,"82":0,"83":0},"b":{"1":[2,1,1,1],"2":[1,1,1,1],"3":[1,1],"4":[2,2],"5":[1,1],"6":[1,1],"7":[2,0],"8":[2,1,1,1,1,1],"9":[0,2,0],"10":[1,1],"11":[2,1,1],"12":[1,0],"13":[0,2],"14":[2,0,0,0,0,0,0],"15":[0,3],"16":[3,0],"17":[1,1],"18":[0,1],"19":[1,2,0,2],"20":[1,0],"21":[1,1],"22":[0,0],"23":[0,0],"24":[0,0],"25":[0,0],"26":[0,0],"27":[0,0],"28":[0,0]},"f":{"1":2,"2":2,"3":2,"4":2,"5":2,"6":2,"7":3,"8":3,"9":3,"10":1,"11":6,"12":0},"fnMap":{"1":{"name":"(anonymous_1)","line":26,"loc":{"start":{"line":26,"column":1},"end":{"line":26,"column":13}}},"2":{"name":"(anonymous_2)","line":33,"loc":{"start":{"line":33,"column":5},"end":{"line":33,"column":17}}},"3":{"name":"(anonymous_3)","line":37,"loc":{"start":{"line":37,"column":24},"end":{"line":37,"column":36}}},"4":{"name":"(anonymous_4)","line":69,"loc":{"start":{"line":69,"column":31},"end":{"line":69,"column":48}},"skip":true},"5":{"name":"(anonymous_5)","line":78,"loc":{"start":{"line":78,"column":26},"end":{"line":78,"column":45}},"skip":true},"6":{"name":"(anonymous_6)","line":123,"loc":{"start":{"line":123,"column":33},"end":{"line":123,"column":48}},"skip":true},"7":{"name":"(anonymous_7)","line":125,"loc":{"start":{"line":125,"column":27},"end":{"line":125,"column":39}},"skip":true},"8":{"name":"(anonymous_8)","line":133,"loc":{"start":{"line":133,"column":59},"end":{"line":133,"column":74}},"skip":true},"9":{"name":"(anonymous_9)","line":143,"loc":{"start":{"line":143,"column":45},"end":{"line":143,"column":62}},"skip":true},"10":{"name":"(anonymous_10)","line":144,"loc":{"start":{"line":144,"column":73},"end":{"line":144,"column":92}},"skip":true},"11":{"name":"(anonymous_11)","line":272,"loc":{"start":{"line":272,"column":51},"end":{"line":272,"column":77}},"skip":true},"12":{"name":"(anonymous_12)","line":315,"loc":{"start":{"line":315,"column":32},"end":{"line":315,"column":61}},"skip":true}},"statementMap":{"1":{"start":{"line":26,"column":0},"end":{"line":326,"column":5}},"2":{"start":{"line":28,"column":4},"end":{"line":28,"column":14}},"3":{"start":{"line":33,"column":4},"end":{"line":60,"column":9}},"4":{"start":{"line":35,"column":8},"end":{"line":35,"column":19}},"5":{"start":{"line":37,"column":8},"end":{"line":49,"column":13}},"6":{"start":{"line":38,"column":12},"end":{"line":48,"column":13}},"7":{"start":{"line":39,"column":16},"end":{"line":42,"column":30}},"8":{"start":{"line":44,"column":16},"end":{"line":47,"column":27}},"9":{"start":{"line":51,"column":8},"end":{"line":53,"column":21}},"10":{"start":{"line":55,"column":8},"end":{"line":57,"column":45}},"11":{"start":{"line":59,"column":8},"end":{"line":59,"column":35}},"12":{"start":{"line":61,"column":4},"end":{"line":325,"column":5}},"13":{"start":{"line":69,"column":8},"end":{"line":121,"column":10},"skip":true},"14":{"start":{"line":70,"column":12},"end":{"line":88,"column":13},"skip":true},"15":{"start":{"line":76,"column":16},"end":{"line":87,"column":19},"skip":true},"16":{"start":{"line":79,"column":20},"end":{"line":86,"column":21},"skip":true},"17":{"start":{"line":82,"column":24},"end":{"line":82,"column":43},"skip":true},"18":{"start":{"line":83,"column":24},"end":{"line":83,"column":30},"skip":true},"19":{"start":{"line":85,"column":24},"end":{"line":85,"column":49},"skip":true},"20":{"start":{"line":89,"column":12},"end":{"line":107,"column":13},"skip":true},"21":{"start":{"line":92,"column":16},"end":{"line":102,"column":17},"skip":true},"22":{"start":{"line":93,"column":20},"end":{"line":93,"column":86},"skip":true},"23":{"start":{"line":94,"column":20},"end":{"line":95,"column":45},"skip":true},"24":{"start":{"line":96,"column":20},"end":{"line":96,"column":42},"skip":true},"25":{"start":{"line":97,"column":20},"end":{"line":97,"column":48},"skip":true},"26":{"start":{"line":100,"column":20},"end":{"line":100,"column":85},"skip":true},"27":{"start":{"line":101,"column":20},"end":{"line":101,"column":96},"skip":true},"28":{"start":{"line":103,"column":16},"end":{"line":103,"column":22},"skip":true},"29":{"start":{"line":106,"column":16},"end":{"line":106,"column":22},"skip":true},"30":{"start":{"line":108,"column":12},"end":{"line":120,"column":13},"skip":true},"31":{"start":{"line":114,"column":16},"end":{"line":119,"column":17},"skip":true},"32":{"start":{"line":116,"column":20},"end":{"line":116,"column":78},"skip":true},"33":{"start":{"line":118,"column":20},"end":{"line":118,"column":47},"skip":true},"34":{"start":{"line":123,"column":8},"end":{"line":141,"column":11},"skip":true},"35":{"start":{"line":124,"column":12},"end":{"line":124,"column":54},"skip":true},"36":{"start":{"line":125,"column":12},"end":{"line":140,"column":14},"skip":true},"37":{"start":{"line":126,"column":16},"end":{"line":126,"column":28},"skip":true},"38":{"start":{"line":127,"column":16},"end":{"line":127,"column":69},"skip":true},"39":{"start":{"line":128,"column":16},"end":{"line":128,"column":75},"skip":true},"40":{"start":{"line":129,"column":16},"end":{"line":131,"column":17},"skip":true},"41":{"start":{"line":130,"column":20},"end":{"line":130,"column":27},"skip":true},"42":{"start":{"line":133,"column":16},"end":{"line":137,"column":36},"skip":true},"43":{"start":{"line":134,"column":20},"end":{"line":136,"column":55},"skip":true},"44":{"start":{"line":139,"column":16},"end":{"line":139,"column":57},"skip":true},"45":{"start":{"line":143,"column":8},"end":{"line":147,"column":11},"skip":true},"46":{"start":{"line":144,"column":12},"end":{"line":146,"column":15},"skip":true},"47":{"start":{"line":145,"column":16},"end":{"line":145,"column":70},"skip":true},"48":{"start":{"line":149,"column":8},"end":{"line":149,"column":31},"skip":true},"49":{"start":{"line":150,"column":8},"end":{"line":150,"column":14},"skip":true},"50":{"start":{"line":158,"column":8},"end":{"line":158,"column":31},"skip":true},"51":{"start":{"line":160,"column":8},"end":{"line":160,"column":33},"skip":true},"52":{"start":{"line":161,"column":8},"end":{"line":161,"column":37},"skip":true},"53":{"start":{"line":162,"column":8},"end":{"line":162,"column":35},"skip":true},"54":{"start":{"line":164,"column":8},"end":{"line":164,"column":50},"skip":true},"55":{"start":{"line":166,"column":8},"end":{"line":256,"column":2},"skip":true},"56":{"start":{"line":258,"column":8},"end":{"line":286,"column":9},"skip":true},"57":{"start":{"line":259,"column":12},"end":{"line":269,"column":14},"skip":true},"58":{"start":{"line":271,"column":12},"end":{"line":285,"column":19},"skip":true},"59":{"start":{"line":274,"column":20},"end":{"line":274,"column":35},"skip":true},"60":{"start":{"line":275,"column":20},"end":{"line":284,"column":21},"skip":true},"61":{"start":{"line":277,"column":24},"end":{"line":277,"column":64},"skip":true},"62":{"start":{"line":279,"column":24},"end":{"line":279,"column":40},"skip":true},"63":{"start":{"line":281,"column":24},"end":{"line":281,"column":40},"skip":true},"64":{"start":{"line":283,"column":24},"end":{"line":283,"column":39},"skip":true},"65":{"start":{"line":288,"column":8},"end":{"line":290,"column":9},"skip":true},"66":{"start":{"line":289,"column":12},"end":{"line":289,"column":18},"skip":true},"67":{"start":{"line":291,"column":8},"end":{"line":293,"column":54},"skip":true},"68":{"start":{"line":296,"column":8},"end":{"line":301,"column":37},"skip":true},"69":{"start":{"line":303,"column":8},"end":{"line":303,"column":82},"skip":true},"70":{"start":{"line":306,"column":8},"end":{"line":308,"column":9},"skip":true},"71":{"start":{"line":307,"column":12},"end":{"line":307,"column":82},"skip":true},"72":{"start":{"line":310,"column":8},"end":{"line":312,"column":9},"skip":true},"73":{"start":{"line":311,"column":12},"end":{"line":311,"column":18},"skip":true},"74":{"start":{"line":313,"column":8},"end":{"line":313,"column":54},"skip":true},"75":{"start":{"line":314,"column":8},"end":{"line":314,"column":69},"skip":true},"76":{"start":{"line":315,"column":8},"end":{"line":323,"column":36},"skip":true},"77":{"start":{"line":316,"column":12},"end":{"line":316,"column":61},"skip":true},"78":{"start":{"line":317,"column":12},"end":{"line":320,"column":13},"skip":true},"79":{"start":{"line":318,"column":16},"end":{"line":318,"column":75},"skip":true},"80":{"start":{"line":319,"column":16},"end":{"line":319,"column":23},"skip":true},"81":{"start":{"line":321,"column":12},"end":{"line":321,"column":38},"skip":true},"82":{"start":{"line":322,"column":12},"end":{"line":322,"column":27},"skip":true},"83":{"start":{"line":324,"column":8},"end":{"line":324,"column":14},"skip":true}},"branchMap":{"1":{"line":39,"type":"binary-expr","locations":[{"start":{"line":39,"column":23},"end":{"line":39,"column":62}},{"start":{"line":40,"column":20},"end":{"line":40,"column":70}},{"start":{"line":41,"column":20},"end":{"line":41,"column":71}},{"start":{"line":42,"column":20},"end":{"line":42,"column":29}}]},"2":{"line":44,"type":"binary-expr","locations":[{"start":{"line":44,"column":23},"end":{"line":44,"column":37}},{"start":{"line":45,"column":20},"end":{"line":45,"column":61}},{"start":{"line":46,"column":20},"end":{"line":46,"column":70}},{"start":{"line":47,"column":20},"end":{"line":47,"column":26}}]},"3":{"line":51,"type":"cond-expr","locations":[{"start":{"line":52,"column":14},"end":{"line":52,"column":20}},{"start":{"line":53,"column":14},"end":{"line":53,"column":20}}]},"4":{"line":55,"type":"binary-expr","locations":[{"start":{"line":55,"column":16},"end":{"line":55,"column":44}},{"start":{"line":55,"column":49},"end":{"line":57,"column":43}}]},"5":{"line":55,"type":"cond-expr","locations":[{"start":{"line":56,"column":14},"end":{"line":56,"column":53}},{"start":{"line":57,"column":14},"end":{"line":57,"column":43}}]},"6":{"line":61,"type":"switch","locations":[{"start":{"line":68,"column":4},"end":{"line":150,"column":14},"skip":true},{"start":{"line":156,"column":4},"end":{"line":324,"column":14},"skip":true}]},"7":{"line":70,"type":"if","locations":[{"start":{"line":70,"column":12},"end":{"line":70,"column":12},"skip":true},{"start":{"line":70,"column":12},"end":{"line":70,"column":12},"skip":true}]},"8":{"line":70,"type":"binary-expr","locations":[{"start":{"line":70,"column":16},"end":{"line":70,"column":22},"skip":true},{"start":{"line":70,"column":27},"end":{"line":70,"column":32},"skip":true},{"start":{"line":71,"column":20},"end":{"line":71,"column":39},"skip":true},{"start":{"line":72,"column":20},"end":{"line":72,"column":49},"skip":true},{"start":{"line":73,"column":20},"end":{"line":73,"column":58},"skip":true},{"start":{"line":74,"column":20},"end":{"line":74,"column":69},"skip":true}]},"9":{"line":79,"type":"switch","locations":[{"start":{"line":80,"column":20},"end":{"line":80,"column":33},"skip":true},{"start":{"line":81,"column":20},"end":{"line":83,"column":30},"skip":true},{"start":{"line":84,"column":20},"end":{"line":85,"column":49},"skip":true}]},"10":{"line":89,"type":"switch","locations":[{"start":{"line":90,"column":12},"end":{"line":103,"column":22},"skip":true},{"start":{"line":105,"column":12},"end":{"line":106,"column":22},"skip":true}]},"11":{"line":89,"type":"binary-expr","locations":[{"start":{"line":89,"column":20},"end":{"line":89,"column":25},"skip":true},{"start":{"line":89,"column":29},"end":{"line":89,"column":48},"skip":true},{"start":{"line":89,"column":52},"end":{"line":89,"column":74},"skip":true}]},"12":{"line":92,"type":"if","locations":[{"start":{"line":92,"column":16},"end":{"line":92,"column":16},"skip":true},{"start":{"line":92,"column":16},"end":{"line":92,"column":16},"skip":true}]},"13":{"line":108,"type":"if","locations":[{"start":{"line":108,"column":12},"end":{"line":108,"column":12},"skip":true},{"start":{"line":108,"column":12},"end":{"line":108,"column":12},"skip":true}]},"14":{"line":108,"type":"binary-expr","locations":[{"start":{"line":108,"column":16},"end":{"line":108,"column":61},"skip":true},{"start":{"line":108,"column":66},"end":{"line":108,"column":72},"skip":true},{"start":{"line":108,"column":77},"end":{"line":108,"column":82},"skip":true},{"start":{"line":109,"column":20},"end":{"line":109,"column":39},"skip":true},{"start":{"line":110,"column":20},"end":{"line":110,"column":49},"skip":true},{"start":{"line":111,"column":20},"end":{"line":111,"column":58},"skip":true},{"start":{"line":112,"column":20},"end":{"line":112,"column":68},"skip":true}]},"15":{"line":129,"type":"if","locations":[{"start":{"line":129,"column":16},"end":{"line":129,"column":16},"skip":true},{"start":{"line":129,"column":16},"end":{"line":129,"column":16},"skip":true}]},"16":{"line":134,"type":"cond-expr","locations":[{"start":{"line":135,"column":26},"end":{"line":135,"column":29},"skip":true},{"start":{"line":136,"column":26},"end":{"line":136,"column":54},"skip":true}]},"17":{"line":164,"type":"binary-expr","locations":[{"start":{"line":164,"column":27},"end":{"line":164,"column":43},"skip":true},{"start":{"line":164,"column":47},"end":{"line":164,"column":49},"skip":true}]},"18":{"line":258,"type":"if","locations":[{"start":{"line":258,"column":8},"end":{"line":258,"column":8},"skip":true},{"start":{"line":258,"column":8},"end":{"line":258,"column":8},"skip":true}]},"19":{"line":275,"type":"switch","locations":[{"start":{"line":276,"column":20},"end":{"line":277,"column":64},"skip":true},{"start":{"line":278,"column":20},"end":{"line":279,"column":40},"skip":true},{"start":{"line":280,"column":20},"end":{"line":281,"column":40},"skip":true},{"start":{"line":282,"column":20},"end":{"line":283,"column":39},"skip":true}]},"20":{"line":288,"type":"if","locations":[{"start":{"line":288,"column":8},"end":{"line":288,"column":8},"skip":true},{"start":{"line":288,"column":8},"end":{"line":288,"column":8},"skip":true}]},"21":{"line":288,"type":"binary-expr","locations":[{"start":{"line":288,"column":12},"end":{"line":288,"column":40},"skip":true},{"start":{"line":288,"column":44},"end":{"line":288,"column":67},"skip":true}]},"22":{"line":292,"type":"binary-expr","locations":[{"start":{"line":292,"column":12},"end":{"line":292,"column":50},"skip":true},{"start":{"line":293,"column":12},"end":{"line":293,"column":53},"skip":true}]},"23":{"line":297,"type":"binary-expr","locations":[{"start":{"line":297,"column":12},"end":{"line":297,"column":67},"skip":true},{"start":{"line":298,"column":12},"end":{"line":301,"column":36},"skip":true}]},"24":{"line":303,"type":"binary-expr","locations":[{"start":{"line":303,"column":43},"end":{"line":303,"column":75},"skip":true},{"start":{"line":303,"column":79},"end":{"line":303,"column":81},"skip":true}]},"25":{"line":306,"type":"if","locations":[{"start":{"line":306,"column":8},"end":{"line":306,"column":8},"skip":true},{"start":{"line":306,"column":8},"end":{"line":306,"column":8},"skip":true}]},"26":{"line":310,"type":"if","locations":[{"start":{"line":310,"column":8},"end":{"line":310,"column":8},"skip":true},{"start":{"line":310,"column":8},"end":{"line":310,"column":8},"skip":true}]},"27":{"line":313,"type":"binary-expr","locations":[{"start":{"line":313,"column":27},"end":{"line":313,"column":43},"skip":true},{"start":{"line":313,"column":47},"end":{"line":313,"column":53},"skip":true}]},"28":{"line":317,"type":"if","locations":[{"start":{"line":317,"column":12},"end":{"line":317,"column":12},"skip":true},{"start":{"line":317,"column":12},"end":{"line":317,"column":12},"skip":true}]}},"code":["/*","example.js","","quickstart example","","instruction","    1. save this script as example.js","    2. run the shell command:","        $ npm install npmtest-react-art && PORT=8081 node example.js","    3. play with the browser-demo on http://127.0.0.1:8081","*/","","","","/* istanbul instrument in package npmtest_react_art */","/*jslint","    bitwise: true,","    browser: true,","    maxerr: 8,","    maxlen: 96,","    node: true,","    nomen: true,","    regexp: true,","    stupid: true","*/","(function () {","    'use strict';","    var local;","","","","    // run shared js-env code - pre-init","    (function () {","        // init local","        local = {};","        // init modeJs","        local.modeJs = (function () {","            try {","                return typeof navigator.userAgent === 'string' &&","                    typeof document.querySelector('body') === 'object' &&","                    typeof XMLHttpRequest.prototype.open === 'function' &&","                    'browser';","            } catch (errorCaughtBrowser) {","                return module.exports &&","                    typeof process.versions.node === 'string' &&","                    typeof require('http').createServer === 'function' &&","                    'node';","            }","        }());","        // init global","        local.global = local.modeJs === 'browser'","            ? window","            : global;","        // init utility2_rollup","        local = local.global.utility2_rollup || (local.modeJs === 'browser'","            ? local.global.utility2_npmtest_react_art","            : global.utility2_moduleExports);","        // export local","        local.global.local = local;","    }());","    switch (local.modeJs) {","","","","    // post-init","    // run browser js-env code - post-init","    /* istanbul ignore next */","    case 'browser':","        local.testRunBrowser = function (event) {","            if (!event || (event &&","                    event.currentTarget &&","                    event.currentTarget.className &&","                    event.currentTarget.className.includes &&","                    event.currentTarget.className.includes('onreset'))) {","                // reset output","                Array.from(","                    document.querySelectorAll('body > .resettable')","                ).forEach(function (element) {","                    switch (element.tagName) {","                    case 'INPUT':","                    case 'TEXTAREA':","                        element.value = '';","                        break;","                    default:","                        element.textContent = '';","                    }","                });","            }","            switch (event && event.currentTarget && event.currentTarget.id) {","            case 'testRunButton1':","                // show tests","                if (document.querySelector('#testReportDiv1').style.display === 'none') {","                    document.querySelector('#testReportDiv1').style.display = 'block';","                    document.querySelector('#testRunButton1').textContent =","                        'hide internal test';","                    local.modeTest = true;","                    local.testRunDefault(local);","                // hide tests","                } else {","                    document.querySelector('#testReportDiv1').style.display = 'none';","                    document.querySelector('#testRunButton1').textContent = 'run internal test';","                }","                break;","            // custom-case","            default:","                break;","            }","            if (document.querySelector('#inputTextareaEval1') && (!event || (event &&","                    event.currentTarget &&","                    event.currentTarget.className &&","                    event.currentTarget.className.includes &&","                    event.currentTarget.className.includes('oneval')))) {","                // try to eval input-code","                try {","                    /*jslint evil: true*/","                    eval(document.querySelector('#inputTextareaEval1').value);","                } catch (errorCaught) {","                    console.error(errorCaught);","                }","            }","        };","        // log stderr and stdout to #outputTextareaStdout1","        ['error', 'log'].forEach(function (key) {","            console[key + '_original'] = console[key];","            console[key] = function () {","                var element;","                console[key + '_original'].apply(console, arguments);","                element = document.querySelector('#outputTextareaStdout1');","                if (!element) {","                    return;","                }","                // append text to #outputTextareaStdout1","                element.value += Array.from(arguments).map(function (arg) {","                    return typeof arg === 'string'","                        ? arg","                        : JSON.stringify(arg, null, 4);","                }).join(' ') + '\\n';","                // scroll textarea to bottom","                element.scrollTop = element.scrollHeight;","            };","        });","        // init event-handling","        ['change', 'click', 'keyup'].forEach(function (event) {","            Array.from(document.querySelectorAll('.on' + event)).forEach(function (element) {","                element.addEventListener(event, local.testRunBrowser);","            });","        });","        // run tests","        local.testRunBrowser();","        break;","","","","    // run node js-env code - post-init","    /* istanbul ignore next */","    case 'node':","        // export local","        module.exports = local;","        // require modules","        local.fs = require('fs');","        local.http = require('http');","        local.url = require('url');","        // init assets","        local.assetsDict = local.assetsDict || {};","        /* jslint-ignore-begin */","        local.assetsDict['/assets.index.template.html'] = '\\","<!doctype html>\\n\\","<html lang=\"en\">\\n\\","<head>\\n\\","<meta charset=\"UTF-8\">\\n\\","<meta name=\"viewport\" content=\"width=device-width, initial-scale=1\">\\n\\","<title>{{env.npm_package_name}} (v{{env.npm_package_version}})</title>\\n\\","<style>\\n\\","/*csslint\\n\\","    box-sizing: false,\\n\\","    universal-selector: false\\n\\","*/\\n\\","* {\\n\\","    box-sizing: border-box;\\n\\","}\\n\\","body {\\n\\","    background: #dde;\\n\\","    font-family: Arial, Helvetica, sans-serif;\\n\\","    margin: 2rem;\\n\\","}\\n\\","body > * {\\n\\","    margin-bottom: 1rem;\\n\\","}\\n\\",".utility2FooterDiv {\\n\\","    margin-top: 20px;\\n\\","    text-align: center;\\n\\","}\\n\\","</style>\\n\\","<style>\\n\\","/*csslint\\n\\","*/\\n\\","textarea {\\n\\","    font-family: monospace;\\n\\","    height: 10rem;\\n\\","    width: 100%;\\n\\","}\\n\\","textarea[readonly] {\\n\\","    background: #ddd;\\n\\","}\\n\\","</style>\\n\\","</head>\\n\\","<body>\\n\\","<!-- utility2-comment\\n\\","<div id=\"ajaxProgressDiv1\" style=\"background: #d00; height: 2px; left: 0; margin: 0; padding: 0; position: fixed; top: 0; transition: background 0.5s, width 1.5s; width: 25%;\"></div>\\n\\","utility2-comment -->\\n\\","<h1>\\n\\","<!-- utility2-comment\\n\\","    <a\\n\\","        {{#if env.npm_package_homepage}}\\n\\","        href=\"{{env.npm_package_homepage}}\"\\n\\","        {{/if env.npm_package_homepage}}\\n\\","        target=\"_blank\"\\n\\","    >\\n\\","utility2-comment -->\\n\\","        {{env.npm_package_name}} (v{{env.npm_package_version}})\\n\\","<!-- utility2-comment\\n\\","    </a>\\n\\","utility2-comment -->\\n\\","</h1>\\n\\","<h3>{{env.npm_package_description}}</h3>\\n\\","<!-- utility2-comment\\n\\","<h4><a download href=\"assets.app.js\">download standalone app</a></h4>\\n\\","<button class=\"onclick onreset\" id=\"testRunButton1\">run internal test</button><br>\\n\\","<div id=\"testReportDiv1\" style=\"display: none;\"></div>\\n\\","utility2-comment -->\\n\\","\\n\\","\\n\\","\\n\\","<label>stderr and stdout</label>\\n\\","<textarea class=\"resettable\" id=\"outputTextareaStdout1\" readonly></textarea>\\n\\","<!-- utility2-comment\\n\\","{{#if isRollup}}\\n\\","<script src=\"assets.app.js\"></script>\\n\\","{{#unless isRollup}}\\n\\","utility2-comment -->\\n\\","<script src=\"assets.utility2.rollup.js\"></script>\\n\\","<script src=\"jsonp.utility2._stateInit?callback=window.utility2._stateInit\"></script>\\n\\","<script src=\"assets.npmtest_react_art.rollup.js\"></script>\\n\\","<script src=\"assets.example.js\"></script>\\n\\","<script src=\"assets.test.js\"></script>\\n\\","<!-- utility2-comment\\n\\","{{/if isRollup}}\\n\\","utility2-comment -->\\n\\","<div class=\"utility2FooterDiv\">\\n\\","    [ this app was created with\\n\\","    <a href=\"https://github.com/kaizhu256/node-utility2\" target=\"_blank\">utility2</a>\\n\\","    ]\\n\\","</div>\\n\\","</body>\\n\\","</html>\\n\\","';","        /* jslint-ignore-end */","        if (local.templateRender) {","            local.assetsDict['/'] = local.templateRender(","                local.assetsDict['/assets.index.template.html'],","                {","                    env: local.objectSetDefault(local.env, {","                        npm_package_description: 'the greatest app in the world!',","                        npm_package_name: 'my-app',","                        npm_package_nameAlias: 'my_app',","                        npm_package_version: '0.0.1'","                    })","                }","            );","        } else {","            local.assetsDict['/'] = local.assetsDict['/assets.index.template.html']","                .replace((/\\{\\{env\\.(\\w+?)\\}\\}/g), function (match0, match1) {","                    // jslint-hack","                    String(match0);","                    switch (match1) {","                    case 'npm_package_description':","                        return 'the greatest app in the world!';","                    case 'npm_package_name':","                        return 'my-app';","                    case 'npm_package_nameAlias':","                        return 'my_app';","                    case 'npm_package_version':","                        return '0.0.1';","                    }","                });","        }","        // run the cli","        if (local.global.utility2_rollup || module !== require.main) {","            break;","        }","        local.assetsDict['/assets.example.js'] =","            local.assetsDict['/assets.example.js'] ||","            local.fs.readFileSync(__filename, 'utf8');","        // bug-workaround - long $npm_package_buildCustomOrg","        /* jslint-ignore-begin */","        local.assetsDict['/assets.npmtest_react_art.rollup.js'] =","            local.assetsDict['/assets.npmtest_react_art.rollup.js'] ||","            local.fs.readFileSync(","                local.npmtest_react_art.__dirname + '/lib.npmtest_react_art.js',","                'utf8'","            ).replace((/^#!/), '//');","        /* jslint-ignore-end */","        local.assetsDict['/favicon.ico'] = local.assetsDict['/favicon.ico'] || '';","        // if $npm_config_timeout_exit exists,","        // then exit this process after $npm_config_timeout_exit ms","        if (Number(process.env.npm_config_timeout_exit)) {","            setTimeout(process.exit, Number(process.env.npm_config_timeout_exit));","        }","        // start server","        if (local.global.utility2_serverHttp1) {","            break;","        }","        process.env.PORT = process.env.PORT || '8081';","        console.error('server starting on port ' + process.env.PORT);","        local.http.createServer(function (request, response) {","            request.urlParsed = local.url.parse(request.url);","            if (local.assetsDict[request.urlParsed.pathname] !== undefined) {","                response.end(local.assetsDict[request.urlParsed.pathname]);","                return;","            }","            response.statusCode = 404;","            response.end();","        }).listen(process.env.PORT);","        break;","    }","}());",""],"l":{"26":2,"28":2,"33":2,"35":2,"37":2,"38":2,"39":2,"44":1,"51":2,"55":2,"59":2,"61":2,"69":1,"70":2,"76":2,"79":2,"82":2,"83":2,"85":1,"89":2,"92":1,"93":1,"94":1,"96":1,"97":1,"100":1,"101":1,"103":1,"106":1,"108":2,"114":1,"116":1,"118":1,"123":1,"124":2,"125":2,"126":3,"127":3,"128":3,"129":3,"130":1,"133":3,"134":3,"139":3,"143":1,"144":3,"145":1,"149":1,"150":1,"158":1,"160":1,"161":1,"162":1,"164":1,"166":1,"258":1,"259":1,"271":1,"274":6,"275":6,"277":1,"279":2,"281":1,"283":2,"288":1,"289":1,"291":1,"296":1,"303":1,"306":1,"307":1,"310":1,"311":1,"313":1,"314":1,"315":1,"316":1,"317":1,"318":1,"319":1,"321":1,"322":1,"324":1}},"/home/travis/build/npmtest/node-npmtest-react-art/node_modules/react-art/lib/ReactART.js":{"path":"/home/travis/build/npmtest/node-npmtest-react-art/node_modules/react-art/lib/ReactART.js","s":{"1":14,"2":0,"3":0,"4":0,"5":0,"6":0,"7":0,"8":0,"9":0,"10":0,"11":0,"12":0,"13":1,"14":0,"15":0,"16":0,"17":0,"18":0,"19":0,"20":0,"21":1,"22":0,"23":0,"24":0,"25":0,"26":0,"27":0,"28":0,"29":0,"30":0,"31":0,"32":0,"33":1,"34":0,"35":0,"36":0,"37":0,"38":0,"39":0,"40":0,"41":0,"42":0,"43":0,"44":0,"45":0,"46":0,"47":0,"48":0,"49":0,"50":0,"51":0,"52":0,"53":0,"54":0,"55":0,"56":0,"57":0,"58":0,"59":0,"60":0,"61":0,"62":0,"63":0,"64":0,"65":0,"66":0,"67":0,"68":0,"69":0,"70":0,"71":0,"72":0,"73":0,"74":0,"75":0,"76":0,"77":0,"78":0,"79":0,"80":0,"81":0,"82":0,"83":0,"84":0,"85":0,"86":0,"87":0,"88":0,"89":0,"90":0,"91":0,"92":0,"93":0,"94":0,"95":0,"96":0,"97":0,"98":0,"99":0,"100":0,"101":0,"102":0,"103":0,"104":0,"105":0,"106":0,"107":0,"108":0,"109":0,"110":0,"111":0,"112":0,"113":0,"114":0,"115":0,"116":0,"117":0,"118":0,"119":0,"120":0,"121":0,"122":0,"123":0,"124":0,"125":0,"126":0,"127":0,"128":0,"129":0,"130":0,"131":0,"132":0,"133":0,"134":0,"135":0,"136":0,"137":0,"138":0,"139":0,"140":0,"141":0,"142":0,"143":0,"144":0,"145":0,"146":0,"147":0,"148":0,"149":0,"150":0,"151":0,"152":0,"153":0,"154":0,"155":0,"156":0,"157":0,"158":0,"159":0,"160":0,"161":0,"162":0,"163":0,"164":0,"165":0,"166":0,"167":0,"168":0,"169":0,"170":0,"171":0,"172":0,"173":0,"174":0,"175":0,"176":0,"177":0,"178":0,"179":0,"180":0,"181":0,"182":0,"183":0,"184":0,"185":0,"186":0,"187":0,"188":0,"189":0,"190":0,"191":0,"192":0,"193":0,"194":0,"195":0,"196":0,"197":0,"198":0,"199":0,"200":0,"201":0,"202":0,"203":0,"204":0,"205":0,"206":0,"207":0,"208":0,"209":0,"210":0,"211":0,"212":0,"213":0,"214":1,"215":0,"216":0,"217":0,"218":1,"219":0,"220":0,"221":0,"222":1,"223":0,"224":0,"225":0,"226":0},"b":{"1":[0,0],"2":[0,0],"3":[0,0],"4":[0,0],"5":[0,0],"6":[0,0],"7":[0,0],"8":[0,0],"9":[0,0],"10":[0,0],"11":[0,0],"12":[0,0],"13":[0,0],"14":[0,0],"15":[0,0],"16":[0,0],"17":[0,0],"18":[0,0],"19":[0,0],"20":[0,0],"21":[0,0],"22":[0,0],"23":[0,0],"24":[0,0],"25":[0,0],"26":[0,0],"27":[0,0],"28":[0,0],"29":[0,0],"30":[0,0],"31":[0,0],"32":[0,0,0,0,0,0],"33":[0,0],"34":[0,0],"35":[0,0],"36":[0,0],"37":[0,0],"38":[0,0],"39":[0,0],"40":[0,0],"41":[0,0],"42":[0,0],"43":[0,0],"44":[0,0],"45":[0,0,0,0,0],"46":[0,0],"47":[0,0],"48":[0,0,0,0],"49":[0,0],"50":[0,0],"51":[0,0],"52":[0,0,0,0,0],"53":[0,0],"54":[0,0,0,0]},"f":{"1":0,"2":0,"3":0,"4":0,"5":0,"6":0,"7":0,"8":0,"9":0,"10":0,"11":0,"12":0,"13":0,"14":0,"15":0,"16":0,"17":0,"18":0,"19":0,"20":0,"21":0,"22":0,"23":0,"24":0,"25":0,"26":0,"27":0,"28":0,"29":0,"30":0,"31":0,"32":0,"33":0,"34":0,"35":0,"36":0,"37":0,"38":0,"39":0,"40":0,"41":0,"42":0,"43":0,"44":0,"45":0,"46":0,"47":0},"fnMap":{"1":{"name":"childrenAsString","line":34,"loc":{"start":{"line":34,"column":0},"end":{"line":34,"column":36}}},"2":{"name":"createComponent","line":47,"loc":{"start":{"line":47,"column":0},"end":{"line":47,"column":31}}},"3":{"name":"ReactARTComponent","line":48,"loc":{"start":{"line":48,"column":26},"end":{"line":48,"column":62}}},"4":{"name":"injectAfter","line":67,"loc":{"start":{"line":67,"column":0},"end":{"line":67,"column":54}}},"5":{"name":"moveChild","line":100,"loc":{"start":{"line":100,"column":13},"end":{"line":100,"column":70}}},"6":{"name":"createChild","line":112,"loc":{"start":{"line":112,"column":15},"end":{"line":112,"column":65}}},"7":{"name":"removeChild","line":123,"loc":{"start":{"line":123,"column":15},"end":{"line":123,"column":43}}},"8":{"name":"updateChildrenAtRoot","line":128,"loc":{"start":{"line":128,"column":24},"end":{"line":128,"column":81}}},"9":{"name":"mountAndInjectChildrenAtRoot","line":132,"loc":{"start":{"line":132,"column":32},"end":{"line":132,"column":93}}},"10":{"name":"updateChildren","line":144,"loc":{"start":{"line":144,"column":18},"end":{"line":144,"column":78}}},"11":{"name":"mountAndInjectChildren","line":150,"loc":{"start":{"line":150,"column":26},"end":{"line":150,"column":90}}},"12":{"name":"componentDidMount","line":175,"loc":{"start":{"line":175,"column":21},"end":{"line":175,"column":50}}},"13":{"name":"componentDidUpdate","line":185,"loc":{"start":{"line":185,"column":22},"end":{"line":185,"column":60}}},"14":{"name":"componentWillUnmount","line":200,"loc":{"start":{"line":200,"column":24},"end":{"line":200,"column":56}}},"15":{"name":"render","line":204,"loc":{"start":{"line":204,"column":10},"end":{"line":204,"column":28}}},"16":{"name":"construct","line":239,"loc":{"start":{"line":239,"column":13},"end":{"line":239,"column":41}}},"17":{"name":"getNativeNode","line":243,"loc":{"start":{"line":243,"column":17},"end":{"line":243,"column":42}}},"18":{"name":"getPublicInstance","line":247,"loc":{"start":{"line":247,"column":21},"end":{"line":247,"column":50}}},"19":{"name":"putEventListener","line":251,"loc":{"start":{"line":251,"column":20},"end":{"line":251,"column":62}}},"20":{"name":"handleEvent","line":267,"loc":{"start":{"line":267,"column":15},"end":{"line":267,"column":43}}},"21":{"name":"destroyEventListeners","line":279,"loc":{"start":{"line":279,"column":25},"end":{"line":279,"column":58}}},"22":{"name":"applyNodeProps","line":290,"loc":{"start":{"line":290,"column":18},"end":{"line":290,"column":59}}},"23":{"name":"mountComponentIntoNode","line":327,"loc":{"start":{"line":327,"column":26},"end":{"line":327,"column":77}}},"24":{"name":"mountComponent","line":337,"loc":{"start":{"line":337,"column":18},"end":{"line":337,"column":99}}},"25":{"name":"receiveComponent","line":345,"loc":{"start":{"line":345,"column":20},"end":{"line":345,"column":83}}},"26":{"name":"applyGroupProps","line":353,"loc":{"start":{"line":353,"column":19},"end":{"line":353,"column":61}}},"27":{"name":"unmountComponent","line":359,"loc":{"start":{"line":359,"column":20},"end":{"line":359,"column":48}}},"28":{"name":"mountComponent","line":369,"loc":{"start":{"line":369,"column":18},"end":{"line":369,"column":99}}},"29":{"name":"receiveComponent","line":377,"loc":{"start":{"line":377,"column":20},"end":{"line":377,"column":83}}},"30":{"name":"applyClippingProps","line":385,"loc":{"start":{"line":385,"column":22},"end":{"line":385,"column":67}}},"31":{"name":"unmountComponent","line":393,"loc":{"start":{"line":393,"column":20},"end":{"line":393,"column":48}}},"32":{"name":"applyRenderableProps","line":404,"loc":{"start":{"line":404,"column":24},"end":{"line":404,"column":71}}},"33":{"name":"unmountComponent","line":421,"loc":{"start":{"line":421,"column":20},"end":{"line":421,"column":48}}},"34":{"name":"construct","line":431,"loc":{"start":{"line":431,"column":13},"end":{"line":431,"column":41}}},"35":{"name":"mountComponent","line":437,"loc":{"start":{"line":437,"column":18},"end":{"line":437,"column":99}}},"36":{"name":"receiveComponent","line":444,"loc":{"start":{"line":444,"column":20},"end":{"line":444,"column":83}}},"37":{"name":"applyShapeProps","line":451,"loc":{"start":{"line":451,"column":19},"end":{"line":451,"column":61}}},"38":{"name":"construct","line":473,"loc":{"start":{"line":473,"column":13},"end":{"line":473,"column":41}}},"39":{"name":"mountComponent","line":478,"loc":{"start":{"line":478,"column":18},"end":{"line":478,"column":99}}},"40":{"name":"isSameFont","line":487,"loc":{"start":{"line":487,"column":14},"end":{"line":487,"column":52}}},"41":{"name":"receiveComponent","line":497,"loc":{"start":{"line":497,"column":20},"end":{"line":497,"column":83}}},"42":{"name":"LinearGradient","line":519,"loc":{"start":{"line":519,"column":0},"end":{"line":519,"column":47}}},"43":{"name":"(anonymous_43)","line":523,"loc":{"start":{"line":523,"column":37},"end":{"line":523,"column":53}}},"44":{"name":"RadialGradient","line":527,"loc":{"start":{"line":527,"column":0},"end":{"line":527,"column":55}}},"45":{"name":"(anonymous_45)","line":531,"loc":{"start":{"line":531,"column":37},"end":{"line":531,"column":53}}},"46":{"name":"Pattern","line":535,"loc":{"start":{"line":535,"column":0},"end":{"line":535,"column":48}}},"47":{"name":"(anonymous_47)","line":539,"loc":{"start":{"line":539,"column":30},"end":{"line":539,"column":46}}}},"statementMap":{"1":{"start":{"line":14,"column":0},"end":{"line":15,"column":2}},"2":{"start":{"line":17,"column":0},"end":{"line":17,"column":46}},"3":{"start":{"line":18,"column":0},"end":{"line":18,"column":40}},"4":{"start":{"line":20,"column":0},"end":{"line":20,"column":29}},"5":{"start":{"line":21,"column":0},"end":{"line":21,"column":36}},"6":{"start":{"line":22,"column":0},"end":{"line":22,"column":61}},"7":{"start":{"line":23,"column":0},"end":{"line":23,"column":59}},"8":{"start":{"line":24,"column":0},"end":{"line":24,"column":53}},"9":{"start":{"line":26,"column":0},"end":{"line":26,"column":50}},"10":{"start":{"line":27,"column":0},"end":{"line":27,"column":46}},"11":{"start":{"line":29,"column":0},"end":{"line":29,"column":38}},"12":{"start":{"line":30,"column":0},"end":{"line":30,"column":38}},"13":{"start":{"line":34,"column":0},"end":{"line":45,"column":1}},"14":{"start":{"line":35,"column":2},"end":{"line":37,"column":3}},"15":{"start":{"line":36,"column":4},"end":{"line":36,"column":14}},"16":{"start":{"line":38,"column":2},"end":{"line":40,"column":3}},"17":{"start":{"line":39,"column":4},"end":{"line":39,"column":20}},"18":{"start":{"line":41,"column":2},"end":{"line":43,"column":3}},"19":{"start":{"line":42,"column":4},"end":{"line":42,"column":31}},"20":{"start":{"line":44,"column":2},"end":{"line":44,"column":12}},"21":{"start":{"line":47,"column":0},"end":{"line":62,"column":1}},"22":{"start":{"line":48,"column":2},"end":{"line":55,"column":4}},"23":{"start":{"line":49,"column":4},"end":{"line":49,"column":21}},"24":{"start":{"line":50,"column":4},"end":{"line":50,"column":30}},"25":{"start":{"line":51,"column":4},"end":{"line":51,"column":26}},"26":{"start":{"line":52,"column":4},"end":{"line":52,"column":28}},"27":{"start":{"line":53,"column":4},"end":{"line":53,"column":34}},"28":{"start":{"line":54,"column":4},"end":{"line":54,"column":28}},"29":{"start":{"line":56,"column":2},"end":{"line":56,"column":39}},"30":{"start":{"line":57,"column":2},"end":{"line":59,"column":3}},"31":{"start":{"line":58,"column":4},"end":{"line":58,"column":54}},"32":{"start":{"line":61,"column":2},"end":{"line":61,"column":27}},"33":{"start":{"line":67,"column":0},"end":{"line":87,"column":1}},"34":{"start":{"line":68,"column":2},"end":{"line":68,"column":26}},"35":{"start":{"line":69,"column":2},"end":{"line":71,"column":3}},"36":{"start":{"line":70,"column":4},"end":{"line":70,"column":11}},"37":{"start":{"line":72,"column":2},"end":{"line":78,"column":3}},"38":{"start":{"line":74,"column":4},"end":{"line":74,"column":39}},"39":{"start":{"line":77,"column":4},"end":{"line":77,"column":43}},"40":{"start":{"line":79,"column":2},"end":{"line":86,"column":3}},"41":{"start":{"line":82,"column":4},"end":{"line":82,"column":82}},"42":{"start":{"line":83,"column":4},"end":{"line":83,"column":34}},"43":{"start":{"line":84,"column":9},"end":{"line":86,"column":3}},"44":{"start":{"line":85,"column":4},"end":{"line":85,"column":28}},"45":{"start":{"line":91,"column":0},"end":{"line":164,"column":3}},"46":{"start":{"line":101,"column":4},"end":{"line":101,"column":38}},"47":{"start":{"line":102,"column":4},"end":{"line":102,"column":49}},"48":{"start":{"line":113,"column":4},"end":{"line":113,"column":34}},"49":{"start":{"line":114,"column":4},"end":{"line":114,"column":49}},"50":{"start":{"line":124,"column":4},"end":{"line":124,"column":30}},"51":{"start":{"line":125,"column":4},"end":{"line":125,"column":29}},"52":{"start":{"line":129,"column":4},"end":{"line":129,"column":64}},"53":{"start":{"line":133,"column":4},"end":{"line":133,"column":68}},"54":{"start":{"line":145,"column":4},"end":{"line":145,"column":61}},"55":{"start":{"line":151,"column":4},"end":{"line":151,"column":75}},"56":{"start":{"line":153,"column":4},"end":{"line":153,"column":14}},"57":{"start":{"line":154,"column":4},"end":{"line":161,"column":5}},"58":{"start":{"line":155,"column":6},"end":{"line":160,"column":7}},"59":{"start":{"line":156,"column":8},"end":{"line":156,"column":48}},"60":{"start":{"line":157,"column":8},"end":{"line":157,"column":45}},"61":{"start":{"line":158,"column":8},"end":{"line":158,"column":43}},"62":{"start":{"line":159,"column":8},"end":{"line":159,"column":12}},"63":{"start":{"line":169,"column":0},"end":{"line":224,"column":3}},"64":{"start":{"line":176,"column":4},"end":{"line":176,"column":45}},"65":{"start":{"line":178,"column":4},"end":{"line":178,"column":77}},"66":{"start":{"line":180,"column":4},"end":{"line":180,"column":73}},"67":{"start":{"line":181,"column":4},"end":{"line":181,"column":130}},"68":{"start":{"line":182,"column":4},"end":{"line":182,"column":64}},"69":{"start":{"line":186,"column":4},"end":{"line":186,"column":25}},"70":{"start":{"line":187,"column":4},"end":{"line":189,"column":5}},"71":{"start":{"line":188,"column":6},"end":{"line":188,"column":57}},"72":{"start":{"line":191,"column":4},"end":{"line":191,"column":73}},"73":{"start":{"line":192,"column":4},"end":{"line":192,"column":122}},"74":{"start":{"line":193,"column":4},"end":{"line":193,"column":64}},"75":{"start":{"line":195,"column":4},"end":{"line":197,"column":5}},"76":{"start":{"line":196,"column":6},"end":{"line":196,"column":20}},"77":{"start":{"line":201,"column":4},"end":{"line":201,"column":27}},"78":{"start":{"line":209,"column":4},"end":{"line":209,"column":27}},"79":{"start":{"line":212,"column":4},"end":{"line":212,"column":35}},"80":{"start":{"line":213,"column":4},"end":{"line":221,"column":7}},"81":{"start":{"line":228,"column":0},"end":{"line":235,"column":2}},"82":{"start":{"line":237,"column":0},"end":{"line":331,"column":2}},"83":{"start":{"line":240,"column":4},"end":{"line":240,"column":35}},"84":{"start":{"line":244,"column":4},"end":{"line":244,"column":21}},"85":{"start":{"line":248,"column":4},"end":{"line":248,"column":21}},"86":{"start":{"line":252,"column":4},"end":{"line":252,"column":72}},"87":{"start":{"line":253,"column":4},"end":{"line":253,"column":60}},"88":{"start":{"line":254,"column":4},"end":{"line":254,"column":31}},"89":{"start":{"line":255,"column":4},"end":{"line":264,"column":5}},"90":{"start":{"line":256,"column":6},"end":{"line":258,"column":7}},"91":{"start":{"line":257,"column":8},"end":{"line":257,"column":72}},"92":{"start":{"line":260,"column":6},"end":{"line":263,"column":7}},"93":{"start":{"line":261,"column":8},"end":{"line":261,"column":30}},"94":{"start":{"line":262,"column":8},"end":{"line":262,"column":35}},"95":{"start":{"line":268,"column":4},"end":{"line":268,"column":46}},"96":{"start":{"line":269,"column":4},"end":{"line":271,"column":5}},"97":{"start":{"line":270,"column":6},"end":{"line":270,"column":13}},"98":{"start":{"line":272,"column":4},"end":{"line":276,"column":5}},"99":{"start":{"line":273,"column":6},"end":{"line":273,"column":33}},"100":{"start":{"line":274,"column":11},"end":{"line":276,"column":5}},"101":{"start":{"line":275,"column":6},"end":{"line":275,"column":34}},"102":{"start":{"line":280,"column":4},"end":{"line":280,"column":43}},"103":{"start":{"line":281,"column":4},"end":{"line":285,"column":5}},"104":{"start":{"line":282,"column":6},"end":{"line":284,"column":7}},"105":{"start":{"line":283,"column":8},"end":{"line":283,"column":30}},"106":{"start":{"line":286,"column":4},"end":{"line":286,"column":30}},"107":{"start":{"line":287,"column":4},"end":{"line":287,"column":26}},"108":{"start":{"line":291,"column":4},"end":{"line":291,"column":25}},"109":{"start":{"line":293,"column":4},"end":{"line":293,"column":93}},"110":{"start":{"line":294,"column":4},"end":{"line":294,"column":93}},"111":{"start":{"line":296,"column":4},"end":{"line":296,"column":193}},"112":{"start":{"line":298,"column":4},"end":{"line":300,"column":5}},"113":{"start":{"line":299,"column":6},"end":{"line":299,"column":49}},"114":{"start":{"line":302,"column":4},"end":{"line":304,"column":5}},"115":{"start":{"line":303,"column":6},"end":{"line":303,"column":40}},"116":{"start":{"line":306,"column":4},"end":{"line":308,"column":5}},"117":{"start":{"line":307,"column":6},"end":{"line":307,"column":47}},"118":{"start":{"line":310,"column":4},"end":{"line":312,"column":5}},"119":{"start":{"line":311,"column":6},"end":{"line":311,"column":60}},"120":{"start":{"line":314,"column":4},"end":{"line":320,"column":5}},"121":{"start":{"line":315,"column":6},"end":{"line":319,"column":7}},"122":{"start":{"line":316,"column":8},"end":{"line":316,"column":20}},"123":{"start":{"line":318,"column":8},"end":{"line":318,"column":20}},"124":{"start":{"line":322,"column":4},"end":{"line":324,"column":5}},"125":{"start":{"line":323,"column":6},"end":{"line":323,"column":59}},"126":{"start":{"line":328,"column":4},"end":{"line":328,"column":109}},"127":{"start":{"line":335,"column":0},"end":{"line":364,"column":3}},"128":{"start":{"line":338,"column":4},"end":{"line":338,"column":29}},"129":{"start":{"line":339,"column":4},"end":{"line":339,"column":43}},"130":{"start":{"line":340,"column":4},"end":{"line":340,"column":45}},"131":{"start":{"line":341,"column":4},"end":{"line":341,"column":70}},"132":{"start":{"line":342,"column":4},"end":{"line":342,"column":21}},"133":{"start":{"line":346,"column":4},"end":{"line":346,"column":36}},"134":{"start":{"line":347,"column":4},"end":{"line":347,"column":46}},"135":{"start":{"line":348,"column":4},"end":{"line":348,"column":42}},"136":{"start":{"line":349,"column":4},"end":{"line":349,"column":62}},"137":{"start":{"line":350,"column":4},"end":{"line":350,"column":41}},"138":{"start":{"line":354,"column":4},"end":{"line":354,"column":34}},"139":{"start":{"line":355,"column":4},"end":{"line":355,"column":36}},"140":{"start":{"line":356,"column":4},"end":{"line":356,"column":41}},"141":{"start":{"line":360,"column":4},"end":{"line":360,"column":33}},"142":{"start":{"line":361,"column":4},"end":{"line":361,"column":27}},"143":{"start":{"line":367,"column":0},"end":{"line":398,"column":3}},"144":{"start":{"line":370,"column":4},"end":{"line":370,"column":41}},"145":{"start":{"line":371,"column":4},"end":{"line":371,"column":43}},"146":{"start":{"line":372,"column":4},"end":{"line":372,"column":48}},"147":{"start":{"line":373,"column":4},"end":{"line":373,"column":70}},"148":{"start":{"line":374,"column":4},"end":{"line":374,"column":21}},"149":{"start":{"line":378,"column":4},"end":{"line":378,"column":36}},"150":{"start":{"line":379,"column":4},"end":{"line":379,"column":46}},"151":{"start":{"line":380,"column":4},"end":{"line":380,"column":45}},"152":{"start":{"line":381,"column":4},"end":{"line":381,"column":62}},"153":{"start":{"line":382,"column":4},"end":{"line":382,"column":41}},"154":{"start":{"line":386,"column":4},"end":{"line":386,"column":34}},"155":{"start":{"line":387,"column":4},"end":{"line":387,"column":36}},"156":{"start":{"line":388,"column":4},"end":{"line":388,"column":26}},"157":{"start":{"line":389,"column":4},"end":{"line":389,"column":26}},"158":{"start":{"line":390,"column":4},"end":{"line":390,"column":41}},"159":{"start":{"line":394,"column":4},"end":{"line":394,"column":33}},"160":{"start":{"line":395,"column":4},"end":{"line":395,"column":27}},"161":{"start":{"line":402,"column":0},"end":{"line":425,"column":3}},"162":{"start":{"line":405,"column":4},"end":{"line":411,"column":5}},"163":{"start":{"line":406,"column":6},"end":{"line":410,"column":7}},"164":{"start":{"line":407,"column":8},"end":{"line":407,"column":40}},"165":{"start":{"line":409,"column":8},"end":{"line":409,"column":35}},"166":{"start":{"line":412,"column":4},"end":{"line":417,"column":5}},"167":{"start":{"line":416,"column":6},"end":{"line":416,"column":109}},"168":{"start":{"line":418,"column":4},"end":{"line":418,"column":41}},"169":{"start":{"line":422,"column":4},"end":{"line":422,"column":33}},"170":{"start":{"line":429,"column":0},"end":{"line":467,"column":3}},"171":{"start":{"line":432,"column":4},"end":{"line":432,"column":35}},"172":{"start":{"line":433,"column":4},"end":{"line":433,"column":26}},"173":{"start":{"line":434,"column":4},"end":{"line":434,"column":25}},"174":{"start":{"line":438,"column":4},"end":{"line":438,"column":29}},"175":{"start":{"line":439,"column":4},"end":{"line":439,"column":43}},"176":{"start":{"line":440,"column":4},"end":{"line":440,"column":45}},"177":{"start":{"line":441,"column":4},"end":{"line":441,"column":21}},"178":{"start":{"line":445,"column":4},"end":{"line":445,"column":36}},"179":{"start":{"line":446,"column":4},"end":{"line":446,"column":46}},"180":{"start":{"line":447,"column":4},"end":{"line":447,"column":42}},"181":{"start":{"line":448,"column":4},"end":{"line":448,"column":41}},"182":{"start":{"line":452,"column":4},"end":{"line":452,"column":34}},"183":{"start":{"line":453,"column":4},"end":{"line":453,"column":32}},"184":{"start":{"line":454,"column":4},"end":{"line":454,"column":59}},"185":{"start":{"line":456,"column":4},"end":{"line":462,"column":5}},"186":{"start":{"line":458,"column":6},"end":{"line":458,"column":54}},"187":{"start":{"line":460,"column":6},"end":{"line":460,"column":27}},"188":{"start":{"line":461,"column":6},"end":{"line":461,"column":34}},"189":{"start":{"line":464,"column":4},"end":{"line":464,"column":47}},"190":{"start":{"line":471,"column":0},"end":{"line":513,"column":3}},"191":{"start":{"line":474,"column":4},"end":{"line":474,"column":35}},"192":{"start":{"line":475,"column":4},"end":{"line":475,"column":27}},"193":{"start":{"line":479,"column":4},"end":{"line":479,"column":43}},"194":{"start":{"line":480,"column":4},"end":{"line":480,"column":53}},"195":{"start":{"line":481,"column":4},"end":{"line":481,"column":78}},"196":{"start":{"line":482,"column":4},"end":{"line":482,"column":32}},"197":{"start":{"line":483,"column":4},"end":{"line":483,"column":50}},"198":{"start":{"line":484,"column":4},"end":{"line":484,"column":21}},"199":{"start":{"line":488,"column":4},"end":{"line":490,"column":5}},"200":{"start":{"line":489,"column":6},"end":{"line":489,"column":18}},"201":{"start":{"line":491,"column":4},"end":{"line":493,"column":5}},"202":{"start":{"line":492,"column":6},"end":{"line":492,"column":19}},"203":{"start":{"line":494,"column":4},"end":{"line":494,"column":229}},"204":{"start":{"line":498,"column":4},"end":{"line":498,"column":36}},"205":{"start":{"line":499,"column":4},"end":{"line":499,"column":46}},"206":{"start":{"line":501,"column":4},"end":{"line":501,"column":36}},"207":{"start":{"line":502,"column":4},"end":{"line":502,"column":53}},"208":{"start":{"line":504,"column":4},"end":{"line":507,"column":5}},"209":{"start":{"line":505,"column":6},"end":{"line":505,"column":73}},"210":{"start":{"line":506,"column":6},"end":{"line":506,"column":34}},"211":{"start":{"line":509,"column":4},"end":{"line":509,"column":47}},"212":{"start":{"line":510,"column":4},"end":{"line":510,"column":41}},"213":{"start":{"line":517,"column":0},"end":{"line":517,"column":34}},"214":{"start":{"line":519,"column":0},"end":{"line":521,"column":1}},"215":{"start":{"line":520,"column":2},"end":{"line":520,"column":36}},"216":{"start":{"line":523,"column":0},"end":{"line":525,"column":2}},"217":{"start":{"line":524,"column":2},"end":{"line":524,"column":41}},"218":{"start":{"line":527,"column":0},"end":{"line":529,"column":1}},"219":{"start":{"line":528,"column":2},"end":{"line":528,"column":36}},"220":{"start":{"line":531,"column":0},"end":{"line":533,"column":2}},"221":{"start":{"line":532,"column":2},"end":{"line":532,"column":41}},"222":{"start":{"line":535,"column":0},"end":{"line":537,"column":1}},"223":{"start":{"line":536,"column":2},"end":{"line":536,"column":36}},"224":{"start":{"line":539,"column":0},"end":{"line":541,"column":2}},"225":{"start":{"line":540,"column":2},"end":{"line":540,"column":40}},"226":{"start":{"line":543,"column":0},"end":{"line":554,"column":2}}},"branchMap":{"1":{"line":35,"type":"if","locations":[{"start":{"line":35,"column":2},"end":{"line":35,"column":2}},{"start":{"line":35,"column":2},"end":{"line":35,"column":2}}]},"2":{"line":38,"type":"if","locations":[{"start":{"line":38,"column":2},"end":{"line":38,"column":2}},{"start":{"line":38,"column":2},"end":{"line":38,"column":2}}]},"3":{"line":41,"type":"if","locations":[{"start":{"line":41,"column":2},"end":{"line":41,"column":2}},{"start":{"line":41,"column":2},"end":{"line":41,"column":2}}]},"4":{"line":69,"type":"if","locations":[{"start":{"line":69,"column":2},"end":{"line":69,"column":2}},{"start":{"line":69,"column":2},"end":{"line":69,"column":2}}]},"5":{"line":69,"type":"binary-expr","locations":[{"start":{"line":69,"column":6},"end":{"line":69,"column":36}},{"start":{"line":69,"column":40},"end":{"line":69,"column":78}}]},"6":{"line":72,"type":"if","locations":[{"start":{"line":72,"column":2},"end":{"line":72,"column":2}},{"start":{"line":72,"column":2},"end":{"line":72,"column":2}}]},"7":{"line":79,"type":"if","locations":[{"start":{"line":79,"column":2},"end":{"line":79,"column":2}},{"start":{"line":79,"column":2},"end":{"line":79,"column":2}}]},"8":{"line":79,"type":"binary-expr","locations":[{"start":{"line":79,"column":6},"end":{"line":79,"column":16}},{"start":{"line":79,"column":20},"end":{"line":79,"column":55}}]},"9":{"line":84,"type":"if","locations":[{"start":{"line":84,"column":9},"end":{"line":84,"column":9}},{"start":{"line":84,"column":9},"end":{"line":84,"column":9}}]},"10":{"line":155,"type":"if","locations":[{"start":{"line":155,"column":6},"end":{"line":155,"column":6}},{"start":{"line":155,"column":6},"end":{"line":155,"column":6}}]},"11":{"line":187,"type":"if","locations":[{"start":{"line":187,"column":4},"end":{"line":187,"column":4}},{"start":{"line":187,"column":4},"end":{"line":187,"column":4}}]},"12":{"line":187,"type":"binary-expr","locations":[{"start":{"line":187,"column":8},"end":{"line":187,"column":42}},{"start":{"line":187,"column":46},"end":{"line":187,"column":82}}]},"13":{"line":195,"type":"if","locations":[{"start":{"line":195,"column":4},"end":{"line":195,"column":4}},{"start":{"line":195,"column":4},"end":{"line":195,"column":4}}]},"14":{"line":252,"type":"binary-expr","locations":[{"start":{"line":252,"column":24},"end":{"line":252,"column":42}},{"start":{"line":252,"column":47},"end":{"line":252,"column":70}}]},"15":{"line":253,"type":"binary-expr","locations":[{"start":{"line":253,"column":20},"end":{"line":253,"column":34}},{"start":{"line":253,"column":39},"end":{"line":253,"column":58}}]},"16":{"line":255,"type":"if","locations":[{"start":{"line":255,"column":4},"end":{"line":255,"column":4}},{"start":{"line":255,"column":4},"end":{"line":255,"column":4}}]},"17":{"line":256,"type":"if","locations":[{"start":{"line":256,"column":6},"end":{"line":256,"column":6}},{"start":{"line":256,"column":6},"end":{"line":256,"column":6}}]},"18":{"line":260,"type":"if","locations":[{"start":{"line":260,"column":6},"end":{"line":260,"column":6}},{"start":{"line":260,"column":6},"end":{"line":260,"column":6}}]},"19":{"line":269,"type":"if","locations":[{"start":{"line":269,"column":4},"end":{"line":269,"column":4}},{"start":{"line":269,"column":4},"end":{"line":269,"column":4}}]},"20":{"line":272,"type":"if","locations":[{"start":{"line":272,"column":4},"end":{"line":272,"column":4}},{"start":{"line":272,"column":4},"end":{"line":272,"column":4}}]},"21":{"line":274,"type":"if","locations":[{"start":{"line":274,"column":11},"end":{"line":274,"column":11}},{"start":{"line":274,"column":11},"end":{"line":274,"column":11}}]},"22":{"line":281,"type":"if","locations":[{"start":{"line":281,"column":4},"end":{"line":281,"column":4}},{"start":{"line":281,"column":4},"end":{"line":281,"column":4}}]},"23":{"line":293,"type":"cond-expr","locations":[{"start":{"line":293,"column":40},"end":{"line":293,"column":52}},{"start":{"line":293,"column":55},"end":{"line":293,"column":92}}]},"24":{"line":293,"type":"cond-expr","locations":[{"start":{"line":293,"column":77},"end":{"line":293,"column":88}},{"start":{"line":293,"column":91},"end":{"line":293,"column":92}}]},"25":{"line":294,"type":"cond-expr","locations":[{"start":{"line":294,"column":40},"end":{"line":294,"column":52}},{"start":{"line":294,"column":55},"end":{"line":294,"column":92}}]},"26":{"line":294,"type":"cond-expr","locations":[{"start":{"line":294,"column":77},"end":{"line":294,"column":88}},{"start":{"line":294,"column":91},"end":{"line":294,"column":92}}]},"27":{"line":296,"type":"binary-expr","locations":[{"start":{"line":296,"column":55},"end":{"line":296,"column":62}},{"start":{"line":296,"column":66},"end":{"line":296,"column":67}}]},"28":{"line":296,"type":"binary-expr","locations":[{"start":{"line":296,"column":69},"end":{"line":296,"column":76}},{"start":{"line":296,"column":80},"end":{"line":296,"column":81}}]},"29":{"line":296,"type":"binary-expr","locations":[{"start":{"line":296,"column":90},"end":{"line":296,"column":104}},{"start":{"line":296,"column":108},"end":{"line":296,"column":109}}]},"30":{"line":298,"type":"if","locations":[{"start":{"line":298,"column":4},"end":{"line":298,"column":4}},{"start":{"line":298,"column":4},"end":{"line":298,"column":4}}]},"31":{"line":302,"type":"if","locations":[{"start":{"line":302,"column":4},"end":{"line":302,"column":4}},{"start":{"line":302,"column":4},"end":{"line":302,"column":4}}]},"32":{"line":302,"type":"binary-expr","locations":[{"start":{"line":302,"column":8},"end":{"line":302,"column":38}},{"start":{"line":302,"column":42},"end":{"line":302,"column":72}},{"start":{"line":302,"column":76},"end":{"line":302,"column":106}},{"start":{"line":302,"column":110},"end":{"line":302,"column":140}},{"start":{"line":302,"column":144},"end":{"line":302,"column":172}},{"start":{"line":302,"column":176},"end":{"line":302,"column":204}}]},"33":{"line":3
[...]
ons":[{"start":{"line":100,"column":4},"end":{"line":100,"column":4}},{"start":{"line":100,"column":4},"end":{"line":100,"column":4}}]},"16":{"line":103,"type":"if","locations":[{"start":{"line":103,"column":4},"end":{"line":103,"column":4}},{"start":{"line":103,"column":4},"end":{"line":103,"column":4}}]},"17":{"line":106,"type":"if","locations":[{"start":{"line":106,"column":4},"end":{"line":106,"column":4}},{"start":{"line":106,"column":4},"end":{"line":106,"column":4}}]},"18":{"line":112,"type":"if","locations":[{"start":{"line":112,"column":4},"end":{"line":112,"column":4}},{"start":{"line":112,"column":4},"end":{"line":112,"column":4}}]},"19":{"line":117,"type":"if","locations":[{"start":{"line":117,"column":4},"end":{"line":117,"column":4}},{"start":{"line":117,"column":4},"end":{"line":117,"column":4}}]},"20":{"line":122,"type":"if","locations":[{"start":{"line":122,"column":4},"end":{"line":122,"column":4}},{"start":{"line":122,"column":4},"end":{"line":122,"column":4}}]},"21":{"line":127,"type":"if","locations":[{"start":{"line":127,"column":4},"end":{"line":127,"column":4}},{"start":{"line":127,"column":4},"end":{"line":127,"column":4}}]}},"code":["'use strict';","","var _extends = Object.assign || function (target) { for (var i = 1; i < arguments.length; i++) { var source = arguments[i]; for (var key in source) { if (Object.prototype.hasOwnProperty.call(source, key)) { target[key] = source[key]; } } } return target; };","","/**"," * Copyright (c) 2013-present Facebook, Inc."," * All rights reserved."," *"," * This source code is licensed under the BSD-style license found in the"," * LICENSE file in the root directory of this source tree. An additional grant"," * of patent rights can be found in the PATENTS file in the same directory."," *"," * @providesModule Rectangle.art"," * @typechecks"," *"," * Example usage:"," * <Rectangle"," *   width={50}"," *   height={50}"," *   stroke=\"green\""," *   fill=\"blue\""," * />"," *"," * Additional optional properties:"," *   (Number) radius"," *   (Number) radiusTopLeft"," *   (Number) radiusTopRight"," *   (Number) radiusBottomLeft"," *   (Number) radiusBottomRight"," *"," */","","var React = require('react');","var ReactART = require('./ReactART');","","var PropTypes = React.PropTypes;","","var Shape = ReactART.Shape;","var Path = ReactART.Path;","","/**"," * Rectangle is a React component for drawing rectangles. Like other ReactART"," * components, it must be used in a <Surface>."," */","var Rectangle = React.createClass({","  displayName: 'Rectangle',","","  propTypes: {","    width: PropTypes.number.isRequired,","    height: PropTypes.number.isRequired,","    radius: PropTypes.number,","    radiusTopLeft: PropTypes.number,","    radiusTopRight: PropTypes.number,","    radiusBottomRight: PropTypes.number,","    radiusBottomLeft: PropTypes.number","  },","","  render: function render() {","    var width = this.props.width;","    var height = this.props.height;","    var radius = this.props.radius ? this.props.radius : 0;","","    // if unspecified, radius(Top|Bottom)(Left|Right) defaults to the radius","    // property","    var tl = this.props.radiusTopLeft ? this.props.radiusTopLeft : radius;","    var tr = this.props.radiusTopRight ? this.props.radiusTopRight : radius;","    var br = this.props.radiusBottomRight ? this.props.radiusBottomRight : radius;","    var bl = this.props.radiusBottomLeft ? this.props.radiusBottomLeft : radius;","","    var path = Path();","","    // for negative width/height, offset the rectangle in the negative x/y","    // direction. for negative radius, just default to 0.","    if (width < 0) {","      path.move(width, 0);","      width = -width;","    }","    if (height < 0) {","      path.move(0, height);","      height = -height;","    }","    if (tl < 0) {","      tl = 0;","    }","    if (tr < 0) {","      tr = 0;","    }","    if (br < 0) {","      br = 0;","    }","    if (bl < 0) {","      bl = 0;","    }","","    // disable border radius if it doesn't fit within the specified","    // width/height","    if (tl + tr > width) {","      tl = 0;tr = 0;","    }","    if (bl + br > width) {","      bl = 0;br = 0;","    }","    if (tl + bl > height) {","      tl = 0;bl = 0;","    }","    if (tr + br > height) {","      tr = 0;br = 0;","    }","","    path.move(0, tl);","","    if (tl > 0) {","      path.arc(tl, -tl);","    }","    path.line(width - (tr + tl), 0);","","    if (tr > 0) {","      path.arc(tr, tr);","    }","    path.line(0, height - (tr + br));","","    if (br > 0) {","      path.arc(-br, br);","    }","    path.line(-width + (br + bl), 0);","","    if (bl > 0) {","      path.arc(-bl, -bl);","    }","    path.line(0, -height + (bl + tl));","","    return React.createElement(Shape, _extends({}, this.props, { d: path }));","  }","","});","","module.exports = Rectangle;"],"l":{"3":4,"33":4,"34":4,"36":0,"38":0,"39":0,"45":0,"59":0,"60":0,"61":0,"65":0,"66":0,"67":0,"68":0,"70":0,"74":0,"75":0,"76":0,"78":0,"79":0,"80":0,"82":0,"83":0,"85":0,"86":0,"88":0,"89":0,"91":0,"92":0,"97":0,"98":0,"100":0,"101":0,"103":0,"104":0,"106":0,"107":0,"110":0,"112":0,"113":0,"115":0,"117":0,"118":0,"120":0,"122":0,"123":0,"125":0,"127":0,"128":0,"130":0,"132":0,"137":0}},"/home/travis/build/npmtest/node-npmtest-react-art/node_modules/react-art/lib/Wedge.art.js":{"path":"/home/travis/build/npmtest/node-npmtest-react-art/node_modules/react-art/lib/Wedge.art.js","s":{"1":4,"2":0,"3":0,"4":0,"5":0,"6":0,"7":0,"8":4,"9":4,"10":0,"11":0,"12":0,"13":0,"14":0,"15":0,"16":0,"17":0,"18":0,"19":0,"20":0,"21":0,"22":0,"23":0,"24":0,"25":0,"26":0,"27":0,"28":0,"29":0,"30":0,"31":0,"32":0,"33":0,"34":0,"35":0,"36":0,"37":0,"38":0,"39":0,"40":0,"41":0,"42":0,"43":0,"44":0,"45":0,"46":0,"47":0,"48":0,"49":0,"50":0,"51":0,"52":0},"b":{"1":[4,0],"2":[0,0],"3":[0,0],"4":[0,0],"5":[0,0],"6":[0,0],"7":[0,0],"8":[0,0],"9":[0,0],"10":[0,0]},"f":{"1":0,"2":0,"3":0,"4":0,"5":0},"fnMap":{"1":{"name":"(anonymous_1)","line":3,"loc":{"start":{"line":3,"column":32},"end":{"line":3,"column":50}}},"2":{"name":"_degreesToRadians","line":64,"loc":{"start":{"line":64,"column":21},"end":{"line":64,"column":57}}},"3":{"name":"_createCirclePath","line":82,"loc":{"start":{"line":82,"column":21},"end":{"line":82,"column":56}}},"4":{"name":"_createArcPath","line":107,"loc":{"start":{"line":107,"column":18},"end":{"line":107,"column":72}}},"5":{"name":"render","line":159,"loc":{"start":{"line":159,"column":10},"end":{"line":159,"column":28}}}},"statementMap":{"1":{"start":{"line":3,"column":0},"end":{"line":3,"column":257}},"2":{"start":{"line":3,"column":52},"end":{"line":3,"column":239}},"3":{"start":{"line":3,"column":97},"end":{"line":3,"column":123}},"4":{"start":{"line":3,"column":124},"end":{"line":3,"column":237}},"5":{"start":{"line":3,"column":150},"end":{"line":3,"column":235}},"6":{"start":{"line":3,"column":207},"end":{"line":3,"column":233}},"7":{"start":{"line":3,"column":240},"end":{"line":3,"column":254}},"8":{"start":{"line":29,"column":0},"end":{"line":29,"column":29}},"9":{"start":{"line":30,"column":0},"end":{"line":30,"column":37}},"10":{"start":{"line":32,"column":0},"end":{"line":32,"column":32}},"11":{"start":{"line":34,"column":0},"end":{"line":34,"column":27}},"12":{"start":{"line":35,"column":0},"end":{"line":35,"column":25}},"13":{"start":{"line":41,"column":0},"end":{"line":185,"column":3}},"14":{"start":{"line":65,"column":4},"end":{"line":70,"column":5}},"15":{"start":{"line":67,"column":6},"end":{"line":67,"column":32}},"16":{"start":{"line":69,"column":6},"end":{"line":69,"column":66}},"17":{"start":{"line":83,"column":4},"end":{"line":83,"column":22}},"18":{"start":{"line":85,"column":4},"end":{"line":85,"column":60}},"19":{"start":{"line":87,"column":4},"end":{"line":89,"column":5}},"20":{"start":{"line":88,"column":6},"end":{"line":88,"column":81}},"21":{"start":{"line":91,"column":4},"end":{"line":91,"column":17}},"22":{"start":{"line":93,"column":4},"end":{"line":93,"column":16}},"23":{"start":{"line":108,"column":4},"end":{"line":108,"column":22}},"24":{"start":{"line":111,"column":4},"end":{"line":111,"column":48}},"25":{"start":{"line":112,"column":4},"end":{"line":112,"column":46}},"26":{"start":{"line":115,"column":4},"end":{"line":115,"column":62}},"27":{"start":{"line":118,"column":4},"end":{"line":118,"column":26}},"28":{"start":{"line":119,"column":4},"end":{"line":119,"column":26}},"29":{"start":{"line":120,"column":4},"end":{"line":120,"column":26}},"30":{"start":{"line":121,"column":4},"end":{"line":121,"column":26}},"31":{"start":{"line":124,"column":4},"end":{"line":124,"column":21}},"32":{"start":{"line":125,"column":4},"end":{"line":125,"column":21}},"33":{"start":{"line":126,"column":4},"end":{"line":126,"column":21}},"34":{"start":{"line":130,"column":4},"end":{"line":130,"column":29}},"35":{"start":{"line":148,"column":4},"end":{"line":150,"column":29}},"36":{"start":{"line":152,"column":4},"end":{"line":154,"column":5}},"37":{"start":{"line":153,"column":6},"end":{"line":153,"column":56}},"38":{"start":{"line":156,"column":4},"end":{"line":156,"column":16}},"39":{"start":{"line":161,"column":4},"end":{"line":161,"column":43}},"40":{"start":{"line":162,"column":4},"end":{"line":162,"column":39}},"41":{"start":{"line":163,"column":4},"end":{"line":165,"column":5}},"42":{"start":{"line":164,"column":6},"end":{"line":164,"column":13}},"43":{"start":{"line":168,"column":4},"end":{"line":168,"column":50}},"44":{"start":{"line":169,"column":4},"end":{"line":169,"column":45}},"45":{"start":{"line":172,"column":4},"end":{"line":172,"column":48}},"46":{"start":{"line":173,"column":4},"end":{"line":173,"column":48}},"47":{"start":{"line":175,"column":4},"end":{"line":175,"column":13}},"48":{"start":{"line":176,"column":4},"end":{"line":180,"column":5}},"49":{"start":{"line":177,"column":6},"end":{"line":177,"column":44}},"50":{"start":{"line":179,"column":6},"end":{"line":179,"column":63}},"51":{"start":{"line":182,"column":4},"end":{"line":182,"column":77}},"52":{"start":{"line":187,"column":0},"end":{"line":187,"column":23}}},"branchMap":{"1":{"line":3,"type":"binary-expr","locations":[{"start":{"line":3,"column":15},"end":{"line":3,"column":28}},{"start":{"line":3,"column":32},"end":{"line":3,"column":256}}]},"2":{"line":3,"type":"if","locations":[{"start":{"line":3,"column":150},"end":{"line":3,"column":150}},{"start":{"line":3,"column":150},"end":{"line":3,"column":150}}]},"3":{"line":65,"type":"if","locations":[{"start":{"line":65,"column":4},"end":{"line":65,"column":4}},{"start":{"line":65,"column":4},"end":{"line":65,"column":4}}]},"4":{"line":65,"type":"binary-expr","locations":[{"start":{"line":65,"column":8},"end":{"line":65,"column":21}},{"start":{"line":65,"column":25},"end":{"line":65,"column":44}}]},"5":{"line":87,"type":"if","locations":[{"start":{"line":87,"column":4},"end":{"line":87,"column":4}},{"start":{"line":87,"column":4},"end":{"line":87,"column":4}}]},"6":{"line":115,"type":"cond-expr","locations":[{"start":{"line":115,"column":23},"end":{"line":115,"column":51}},{"start":{"line":115,"column":54},"end":{"line":115,"column":61}}]},"7":{"line":152,"type":"if","locations":[{"start":{"line":152,"column":4},"end":{"line":152,"column":4}},{"start":{"line":152,"column":4},"end":{"line":152,"column":4}}]},"8":{"line":163,"type":"if","locations":[{"start":{"line":163,"column":4},"end":{"line":163,"column":4}},{"start":{"line":163,"column":4},"end":{"line":163,"column":4}}]},"9":{"line":168,"type":"binary-expr","locations":[{"start":{"line":168,"column":22},"end":{"line":168,"column":44}},{"start":{"line":168,"column":48},"end":{"line":168,"column":49}}]},"10":{"line":176,"type":"if","locations":[{"start":{"line":176,"column":4},"end":{"line":176,"column":4}},{"start":{"line":176,"column":4},"end":{"line":176,"column":4}}]}},"code":["'use strict';","","var _extends = Object.assign || function (target) { for (var i = 1; i < arguments.length; i++) { var source = arguments[i]; for (var key in source) { if (Object.prototype.hasOwnProperty.call(source, key)) { target[key] = source[key]; } } } return target; };","","/**"," * Copyright (c) 2013-present Facebook, Inc."," * All rights reserved."," *"," * This source code is licensed under the BSD-style license found in the"," * LICENSE file in the root directory of this source tree. An additional grant"," * of patent rights can be found in the PATENTS file in the same directory."," *"," * @providesModule Wedge.art"," * @typechecks"," *"," * Example usage:"," * <Wedge"," *   outerRadius={50}"," *   startAngle={0}"," *   endAngle={360}"," *   fill=\"blue\""," * />"," *"," * Additional optional property:"," *   (Int) innerRadius"," *"," */","","var React = require('react');","var ReactART = require('./ReactART');","","var PropTypes = React.PropTypes;","","var Shape = ReactART.Shape;","var Path = ReactART.Path;","","/**"," * Wedge is a React component for drawing circles, wedges and arcs.  Like other"," * ReactART components, it must be used in a <Surface>."," */","var Wedge = React.createClass({","  displayName: 'Wedge',","","","  propTypes: {","    outerRadius: PropTypes.number.isRequired,","    startAngle: PropTypes.number.isRequired,","    endAngle: PropTypes.number.isRequired,","    innerRadius: PropTypes.number","  },","","  circleRadians: Math.PI * 2,","","  radiansPerDegree: Math.PI / 180,","","  /**","   * _degreesToRadians(degrees)","   *","   * Helper function to convert degrees to radians","   *","   * @param {number} degrees","   * @return {number}","   */","  _degreesToRadians: function _degreesToRadians(degrees) {","    if (degrees !== 0 && degrees % 360 === 0) {","      // 360, 720, etc.","      return this.circleRadians;","    } else {","      return degrees * this.radiansPerDegree % this.circleRadians;","    }","  },","","  /**","   * _createCirclePath(or, ir)","   *","   * Creates the ReactART Path for a complete circle.","   *","   * @param {number} or The outer radius of the circle","   * @param {number} ir The inner radius, greater than zero for a ring","   * @return {object}","   */","  _createCirclePath: function _createCirclePath(or, ir) {","    var path = Path();","","    path.move(0, or).arc(or * 2, 0, or).arc(-or * 2, 0, or);","","    if (ir) {","      path.move(or - ir, 0).counterArc(ir * 2, 0, ir).counterArc(-ir * 2, 0, ir);","    }","","    path.close();","","    return path;","  },","","  /**","   * _createArcPath(sa, ea, ca, or, ir)","   *","   * Creates the ReactART Path for an arc or wedge.","   *","   * @param {number} startAngle The starting degrees relative to 12 o'clock","   * @param {number} endAngle The ending degrees relative to 12 o'clock","   * @param {number} or The outer radius in pixels","   * @param {number} ir The inner radius in pixels, greater than zero for an arc","   * @return {object}","   */","  _createArcPath: function _createArcPath(startAngle, endAngle, or, ir) {","    var path = Path();","","    // angles in radians","    var sa = this._degreesToRadians(startAngle);","    var ea = this._degreesToRadians(endAngle);","","    // central arc angle in radians","    var ca = sa > ea ? this.circleRadians - sa + ea : ea - sa;","","    // cached sine and cosine values","    var ss = Math.sin(sa);","    var es = Math.sin(ea);","    var sc = Math.cos(sa);","    var ec = Math.cos(ea);","","    // cached differences","    var ds = es - ss;","    var dc = ec - sc;","    var dr = ir - or;","","    // if the angle is over pi radians (180 degrees)","    // we will need to let the drawing method know.","    var large = ca > Math.PI;","","    // TODO (sema) Please improve theses comments to make the math","    // more understandable.","    //","    // Formula for a point on a circle at a specific angle with a center","    // at (0, 0):","    // x = radius * Math.sin(radians)","    // y = radius * Math.cos(radians)","    //","    // For our starting point, we offset the formula using the outer","    // radius because our origin is at (top, left).","    // In typical web layout fashion, we are drawing in quadrant IV","    // (a.k.a. Southeast) where x is positive and y is negative.","    //","    // The arguments for path.arc and path.counterArc used below are:","    // (endX, endY, radiusX, radiusY, largeAngle)","","    path.move(or + or * ss, or - or * sc) // move to starting point","    .arc(or * ds, or * -dc, or, or, large) // outer arc","    .line(dr * es, dr * -ec); // width of arc or wedge","","    if (ir) {","      path.counterArc(ir * -ds, ir * dc, ir, ir, large); // inner arc","    }","","    return path;","  },","","  render: function render() {","    // angles are provided in degrees","    var startAngle = this.props.startAngle;","    var endAngle = this.props.endAngle;","    if (startAngle - endAngle === 0) {","      return;","    }","","    // radii are provided in pixels","    var innerRadius = this.props.innerRadius || 0;","    var outerRadius = this.props.outerRadius;","","    // sorted radii","    var ir = Math.min(innerRadius, outerRadius);","    var or = Math.max(innerRadius, outerRadius);","","    var path;","    if (endAngle >= startAngle + 360) {","      path = this._createCirclePath(or, ir);","    } else {","      path = this._createArcPath(startAngle, endAngle, or, ir);","    }","","    return React.createElement(Shape, _extends({}, this.props, { d: path }));","  }","","});","","module.exports = Wedge;"],"l":{"3":4,"29":4,"30":4,"32":0,"34":0,"35":0,"41":0,"65":0,"67":0,"69":0,"83":0,"85":0,"87":0,"88":0,"91":0,"93":0,"108":0,"111":0,"112":0,"115":0,"118":0,"119":0,"120":0,"121":0,"124":0,"125":0,"126":0,"130":0,"148":0,"152":0,"153":0,"156":0,"161":0,"162":0,"163":0,"164":0,"168":0,"169":0,"172":0,"173":0,"175":0,"176":0,"177":0,"179":0,"182":0,"187":0}},"/home/travis/build/npmtest/node-npmtest-react-art/node_modules/react-art/shapes/circle.js":{"path":"/home/travis/build/npmtest/node-npmtest-react-art/node_modules/react-art/shapes/circle.js","s":{"1":2},"b":{},"f":{},"fnMap":{},"statementMap":{"1":{"start":{"line":10,"column":0},"end":{"line":10,"column":46}}},"branchMap":{},"code":["/**"," * Copyright (c) 2013-present Facebook, Inc."," * All rights reserved."," *"," * This source code is licensed under the BSD-style license found in the"," * LICENSE file in the root directory of this source tree. An additional grant"," * of patent rights can be found in the PATENTS file in the same directory."," */","","module.exports = require('../lib/Circle.art');",""],"l":{"10":2}},"/home/travis/build/npmtest/node-npmtest-react-art/node_modules/react-art/shapes/rectangle.js":{"path":"/home/travis/build/npmtest/node-npmtest-react-art/node_modules/react-art/shapes/rectangle.js","s":{"1":2},"b":{},"f":{},"fnMap":{},"statementMap":{"1":{"start":{"line":10,"column":0},"end":{"line":10,"column":49}}},"branchMap":{},"code":["/**"," * Copyright (c) 2013-present Facebook, Inc."," * All rights reserved."," *"," * This source code is licensed under the BSD-style license found in the"," * LICENSE file in the root directory of this source tree. An additional grant"," * of patent rights can be found in the PATENTS file in the same directory."," */","","module.exports = require('../lib/Rectangle.art');",""],"l":{"10":2}},"/home/travis/build/npmtest/node-npmtest-react-art/node_modules/react-art/shapes/wedge.js":{"path":"/home/travis/build/npmtest/node-npmtest-react-art/node_modules/react-art/shapes/wedge.js","s":{"1":2},"b":{},"f":{},"fnMap":{},"statementMap":{"1":{"start":{"line":10,"column":0},"end":{"line":10,"column":45}}},"branchMap":{},"code":["/**"," * Copyright (c) 2013-present Facebook, Inc."," * All rights reserved."," *"," * This source code is licensed under the BSD-style license found in the"," * LICENSE file in the root directory of this source tree. An additional grant"," * of patent rights can be found in the PATENTS file in the same directory."," */","","module.exports = require('../lib/Wedge.art');",""],"l":{"10":2}}}